This is XeTeX, Version 3.1415926-2.2-0.9995.2 (TeX Live 2009/Debian) (format=xelatex 2013.6.16)  20 JUN 2013 17:15
entering extended mode
 %&-line parsing enabled.
**kmod.tex
(./kmod.tex
LaTeX2e <2009/09/24>
Babel <v3.8l> and hyphenation patterns for english, usenglishmax, dumylang, noh
yphenation, pinyin, loaded.
(/usr/share/texmf-texlive/tex/latex/base/article.cls
Document Class: article 2007/10/19 v1.4h Standard LaTeX document class
(/usr/share/texmf-texlive/tex/latex/base/size11.clo
File: size11.clo 2007/10/19 v1.4h Standard LaTeX file (size option)
)
\c@part=\count80
\c@section=\count81
\c@subsection=\count82
\c@subsubsection=\count83
\c@paragraph=\count84
\c@subparagraph=\count85
\c@figure=\count86
\c@table=\count87
\abovecaptionskip=\skip41
\belowcaptionskip=\skip42
\bibindent=\dimen102
)
(/usr/share/texmf-texlive/tex/xelatex/xecjk/xeCJK.sty
Package: xeCJK 2009/09/30 2.3.10

(/usr/share/texmf-texlive/tex/generic/ifxetex/ifxetex.sty
Package: ifxetex 2009/01/23 v0.5 Provides ifxetex conditional
)
(/usr/share/texmf-texlive/tex/xelatex/fontspec/fontspec.sty
Package: fontspec 2008/08/09 v1.18 Advanced font selection for XeLaTeX
\c@zf@newff=\count88
\c@zf@index=\count89
\c@zf@script=\count90
\c@zf@language=\count91

(/usr/share/texmf-texlive/tex/latex/tools/calc.sty
Package: calc 2007/08/22 v4.3 Infix arithmetic (KKT,FJ)
\calc@Acount=\count92
\calc@Bcount=\count93
\calc@Adimen=\dimen103
\calc@Bdimen=\dimen104
\calc@Askip=\skip43
\calc@Bskip=\skip44
LaTeX Info: Redefining \setlength on input line 76.
LaTeX Info: Redefining \addtolength on input line 77.
\calc@Ccount=\count94
\calc@Cskip=\skip45
)
(/usr/share/texmf-texlive/tex/latex/xkeyval/xkeyval.sty
Package: xkeyval 2008/08/13 v2.6a package option processing (HA)

(/usr/share/texmf-texlive/tex/generic/xkeyval/xkeyval.tex
\XKV@toks=\toks14
\XKV@tempa@toks=\toks15
\XKV@depth=\count95
File: xkeyval.tex 2008/08/13 v2.6a key=value parser (HA)

(/usr/share/texmf-texlive/tex/generic/xkeyval/keyval.tex)))
(/usr/share/texmf-texlive/tex/latex/base/fontenc.sty
Package: fontenc 2005/09/27 v1.99g Standard LaTeX package

(/usr/share/texmf-texlive/tex/xelatex/euenc/eu1enc.def
File: eu1enc.def 2008/03/08 v0.1d Experimental unicode font encoding
)
LaTeX Font Info:    Try loading font information for EU1+lmr on input line 100.


(/usr/share/texmf-texlive/tex/xelatex/euenc/eu1lmr.fd
File: eu1lmr.fd 2007/01/14 v1.3 Font defs for Latin Modern
))
LaTeX Info: Redefining \itshape on input line 1163.
LaTeX Info: Redefining \slshape on input line 1166.
LaTeX Info: Redefining \scshape on input line 1169.
LaTeX Info: Redefining \upshape on input line 1172.

fontspec.cfg loaded.
(/usr/share/texmf-texlive/tex/xelatex/fontspec/fontspec.cfg))
\xeCJK@cnta=\count96
\xeCJK@cntb=\count97
\xeCJK@cntc=\count98
\xeCJK@cntd=\count99
\xeCJK@cnte=\count100
\xeCJK@dima=\dimen105
LaTeX Info: Redefining \rmfamily on input line 762.
LaTeX Info: Redefining \sffamily on input line 766.
LaTeX Info: Redefining \ttfamily on input line 770.
\xeCJK@featureadded=\count101
)
\c@zf@famc@Courier New=\count102
Package fontspec Info: Defining font family for 'Courier New'with options [] on
 input line 4.
\c@zf@famc@WenQuanYi Micro Hei=\count103
Package fontspec Info: Defining font family for 'WenQuanYi Micro Hei'with optio
ns [BoldFont={WenQuanYi Micro Hei},BoldFeatures={RawFeature={embolden=4}},Itali
cFont={WenQuanYi Micro Hei},ItalicFeatures={RawFeature={slant=0.17}},BoldItalic
Font={WenQuanYi Micro Hei},BoldItalicFeatures={RawFeature={embolden=4,slant=0.1
7}}] on input line 6.
LaTeX Info: Redefining \xeCJK@font@rm on input line 6.

(/usr/share/texmf-texlive/tex/xelatex/xunicode/xunicode.sty
File: xunicode.sty 2008/02/08 v0.91 provides access to latin accents and many o
ther characters in Unicode lower plane
)
(/usr/share/texmf-texlive/tex/xelatex/xltxtra/xltxtra.sty
Package: xltxtra 2009/09/02 v0.5 Improvements for the "XeLaTeX" format

(/usr/share/texmf-texlive/tex/latex/metalogo/metalogo.sty
Package: metalogo 2009/09/04 v0.11 Extended TeX logo macros

(/usr/share/texmf-texlive/tex/latex/graphics/graphicx.sty
Package: graphicx 1999/02/16 v1.0f Enhanced LaTeX Graphics (DPC,SPQR)

(/usr/share/texmf-texlive/tex/latex/graphics/graphics.sty
Package: graphics 2009/02/05 v1.0o Standard LaTeX Graphics (DPC,SPQR)

(/usr/share/texmf-texlive/tex/latex/graphics/trig.sty
Package: trig 1999/03/16 v1.09 sin cos tan (DPC)
)
(/etc/texmf/tex/latex/config/graphics.cfg
File: graphics.cfg 2009/08/28 v1.8 graphics configuration of TeX Live
)
Package graphics Info: Driver file: xetex.def on input line 91.

(/usr/share/texmf-texlive/tex/xelatex/xetex-def/xetex.def
File: xetex.def 2009/11/22 v0.94 LaTeX color/graphics driver for XeTeX (RRM/JK)

))
\Gin@req@height=\dimen106
\Gin@req@width=\dimen107
)
\xl@everylogo=\toks16
\xl@@everylogo=\toks17
LaTeX Info: Redefining \TeX on input line 193.
LaTeX Info: Redefining \LaTeX on input line 202.
LaTeX Info: Redefining \LaTeXe on input line 219.
)
(/usr/share/texmf-texlive/tex/latex/etex-pkg/etex.sty
Package: etex 1998/03/26 v2.0 eTeX basic definition package (PEB)
\et@xins=\count104
)
(/usr/share/texmf-texlive/tex/latex/base/fixltx2e.sty
Package: fixltx2e 2006/09/13 v1.1m fixes to LaTeX
LaTeX Info: Redefining \em on input line 420.
)
LaTeX Info: Redefining \em on input line 72.
LaTeX Info: Redefining \emph on input line 81.
LaTeX Info: Redefining \- on input line 86.
LaTeX Info: Redefining \textsubscript on input line 105.
LaTeX Info: Redefining \textsuperscript on input line 107.
\xxt@tempbox=\box26
)
(/usr/share/texmf-texlive/tex/latex/tools/indentfirst.sty
Package: indentfirst 1995/11/23 v1.03 Indent first paragraph (DPC)
)
(/usr/share/texmf-texlive/tex/generic/oberdiek/ifluatex.sty
Package: ifluatex 2009/04/17 v1.2 Provides the ifluatex switch (HO)
Package ifluatex Info: LuaTeX not detected.
)
(/usr/share/texmf-texlive/tex/latex/tools/enumerate.sty
Package: enumerate 1999/03/05 v3.00 enumerate extensions (DPC)
\@enLab=\toks18
)
(/usr/share/texmf-texlive/tex/latex/ltxmisc/url.sty
\Urlmuskip=\muskip10
Package: url 2006/04/12  ver 3.3  Verb mode for urls, etc.
)
(/usr/share/texmf-texlive/tex/latex/hyperref/hyperref.sty
Package: hyperref 2009/10/09 v6.79a Hypertext links for LaTeX

(/usr/share/texmf-texlive/tex/generic/oberdiek/ifpdf.sty
Package: ifpdf 2009/04/10 v2.0 Provides the ifpdf switch (HO)
Package ifpdf Info: pdfTeX in pdf mode not detected.
)
(/usr/share/texmf-texlive/tex/generic/oberdiek/ifvtex.sty
Package: ifvtex 2008/11/04 v1.4 Switches for detecting VTeX and its modes (HO)
Package ifvtex Info: VTeX not detected.
)
(/usr/share/texmf-texlive/tex/latex/oberdiek/hycolor.sty
Package: hycolor 2009/10/02 v1.5 Code for color options of hyperref/bookmark (H
O)

(/usr/share/texmf-texlive/tex/latex/oberdiek/xcolor-patch.sty
Package: xcolor-patch 2009/10/02 xcolor patch
))
\@linkdim=\dimen108
\Hy@linkcounter=\count105
\Hy@pagecounter=\count106

(/usr/share/texmf-texlive/tex/latex/hyperref/pd1enc.def
File: pd1enc.def 2009/10/09 v6.79a Hyperref: PDFDocEncoding definition (HO)
)
(/usr/share/texmf-texlive/tex/generic/oberdiek/etexcmds.sty
Package: etexcmds 2007/12/12 v1.2 Prefix for e-TeX command names (HO)

(/usr/share/texmf-texlive/tex/generic/oberdiek/infwarerr.sty
Package: infwarerr 2007/09/09 v1.2 Providing info/warning/message (HO)
)
Package etexcmds Info: Could not find \expanded.
(etexcmds)             That can mean that you are not using pdfTeX 1.50 or
(etexcmds)             that some package has redefined \expanded.
(etexcmds)             In the latter case, load this package earlier.
)
(/usr/share/texmf-texlive/tex/xelatex/xetexconfig/hyperref.cfg
File: hyperref.cfg 2008/07/11 v1.2 hyperref configuration for XeLaTeX
)
(/usr/share/texmf-texlive/tex/latex/oberdiek/kvoptions.sty
Package: kvoptions 2009/08/13 v3.4 Keyval support for LaTeX options (HO)

(/usr/share/texmf-texlive/tex/generic/oberdiek/kvsetkeys.sty
Package: kvsetkeys 2009/07/30 v1.5 Key value parser with default handler suppor
t (HO)
))
Package hyperref Info: Option `setpagesize' set `false' on input line 2864.
Package hyperref Info: Option `unicode' set `false' on input line 2864.

(/usr/share/texmf-texlive/tex/latex/hyperref/puenc.def
File: puenc.def 2009/10/09 v6.79a Hyperref: PDF Unicode definition (HO)
)
Package hyperref Info: Option `colorlinks' set `true' on input line 2864.
Package hyperref Info: Hyper figures OFF on input line 2975.
Package hyperref Info: Link nesting OFF on input line 2980.
Package hyperref Info: Hyper index ON on input line 2983.
Package hyperref Info: Plain pages OFF on input line 2990.
Package hyperref Info: Backreferencing OFF on input line 2995.

Implicit mode ON; LaTeX internals redefined
Package hyperref Info: Bookmarks ON on input line 3191.
LaTeX Info: Redefining \url on input line 3428.
(/usr/share/texmf-texlive/tex/generic/oberdiek/bitset.sty
Package: bitset 2007/09/28 v1.0 Data type bit set (HO)

(/usr/share/texmf-texlive/tex/generic/oberdiek/intcalc.sty
Package: intcalc 2007/09/27 v1.1 Expandable integer calculations (HO)
)
(/usr/share/texmf-texlive/tex/generic/oberdiek/bigintcalc.sty
Package: bigintcalc 2007/11/11 v1.1 Expandable big integer calculations (HO)

(/usr/share/texmf-texlive/tex/generic/oberdiek/pdftexcmds.sty
Package: pdftexcmds 2009/09/23 v0.6 LuaTeX support for pdfTeX utility functions
 (HO)

(/usr/share/texmf-texlive/tex/generic/oberdiek/ltxcmds.sty
Package: ltxcmds 2009/08/05 v1.0 Some LaTeX kernel commands for general use (HO
)
)
Package pdftexcmds Info: LuaTeX not detected.
Package pdftexcmds Info: pdfTeX >= 1.30 not detected.
Package pdftexcmds Info: \pdf@primitive is available.
Package pdftexcmds Info: \pdf@ifprimitive is available.
)))
\Fld@menulength=\count107
\Field@Width=\dimen109
\Fld@charsize=\dimen110
\Field@toks=\toks19
Package hyperref Info: Hyper figures OFF on input line 4377.
Package hyperref Info: Link nesting OFF on input line 4382.
Package hyperref Info: Hyper index ON on input line 4385.
Package hyperref Info: backreferencing OFF on input line 4392.
Package hyperref Info: Link coloring ON on input line 4395.
Package hyperref Info: Link coloring with OCG OFF on input line 4402.
Package hyperref Info: PDF/A mode OFF on input line 4407.

(/usr/share/texmf-texlive/tex/generic/oberdiek/atbegshi.sty
Package: atbegshi 2008/07/31 v1.9 At begin shipout hook (HO)
)
\Hy@abspage=\count108
\c@Item=\count109
\c@Hfootnote=\count110
)
*hyperref using driver hdvipdfm*
(/usr/share/texmf-texlive/tex/latex/hyperref/hdvipdfm.def
File: hdvipdfm.def 2009/10/09 v6.79a Hyperref driver for dvipdfm
\pdfm@box=\box27
\c@Hy@AnnotLevel=\count111
\HyField@AnnotCount=\count112
\Fld@listcount=\count113
)
Package hyperref Info: Option `breaklinks' set `true' on input line 54.

(/usr/share/texmf-texlive/tex/latex/ltxmisc/framed.sty
Package: framed 2007/10/04 v 0.95: framed or shaded text with page breaks
\fb@frw=\dimen111
\fb@frh=\dimen112
\FrameRule=\dimen113
\FrameSep=\dimen114
)
(/usr/share/texmf-texlive/tex/latex/graphics/color.sty
Package: color 2005/11/14 v1.0j Standard LaTeX Color (DPC)

(/etc/texmf/tex/latex/config/color.cfg
File: color.cfg 2007/01/18 v1.5 color configuration of teTeX/TeXLive
)
Package color Info: Driver file: xetex.def on input line 130.
) (./kmod.aux)
\openout1 = `kmod.aux'.

LaTeX Font Info:    Checking defaults for OML/cmm/m/it on input line 63.
LaTeX Font Info:    ... okay on input line 63.
LaTeX Font Info:    Checking defaults for T1/cmr/m/n on input line 63.
LaTeX Font Info:    ... okay on input line 63.
LaTeX Font Info:    Checking defaults for OT1/cmr/m/n on input line 63.
LaTeX Font Info:    ... okay on input line 63.
LaTeX Font Info:    Checking defaults for OMS/cmsy/m/n on input line 63.
LaTeX Font Info:    ... okay on input line 63.
LaTeX Font Info:    Checking defaults for OMX/cmex/m/n on input line 63.
LaTeX Font Info:    ... okay on input line 63.
LaTeX Font Info:    Checking defaults for U/cmr/m/n on input line 63.
LaTeX Font Info:    ... okay on input line 63.
LaTeX Font Info:    Checking defaults for EU1/lmr/m/n on input line 63.
LaTeX Font Info:    ... okay on input line 63.
LaTeX Font Info:    Checking defaults for PD1/pdf/m/n on input line 63.
LaTeX Font Info:    ... okay on input line 63.
LaTeX Font Info:    Checking defaults for PU/pdf/m/n on input line 63.
LaTeX Font Info:    ... okay on input line 63.
Package fontspec Info: Adjusting the maths setup (use [no-math] to avoid this).
 on input line 63.
\symlegacymaths=\mathgroup4
LaTeX Font Info:    Overwriting symbol font `legacymaths' in version `bold'
(Font)                  OT1/cmr/m/n --> OT1/cmr/bx/n on input line 63.
LaTeX Font Info:    Redeclaring math accent \acute on input line 63.
LaTeX Font Info:    Redeclaring math accent \grave on input line 63.
LaTeX Font Info:    Redeclaring math accent \ddot on input line 63.
LaTeX Font Info:    Redeclaring math accent \tilde on input line 63.
LaTeX Font Info:    Redeclaring math accent \bar on input line 63.
LaTeX Font Info:    Redeclaring math accent \breve on input line 63.
LaTeX Font Info:    Redeclaring math accent \check on input line 63.
LaTeX Font Info:    Redeclaring math accent \hat on input line 63.
LaTeX Font Info:    Redeclaring math accent \dot on input line 63.
LaTeX Font Info:    Redeclaring math accent \mathring on input line 63.
LaTeX Font Info:    Redeclaring math symbol \colon on input line 63.
LaTeX Font Info:    Redeclaring math symbol \Gamma on input line 63.
LaTeX Font Info:    Redeclaring math symbol \Delta on input line 63.
LaTeX Font Info:    Redeclaring math symbol \Theta on input line 63.
LaTeX Font Info:    Redeclaring math symbol \Lambda on input line 63.
LaTeX Font Info:    Redeclaring math symbol \Xi on input line 63.
LaTeX Font Info:    Redeclaring math symbol \Pi on input line 63.
LaTeX Font Info:    Redeclaring math symbol \Sigma on input line 63.
LaTeX Font Info:    Redeclaring math symbol \Upsilon on input line 63.
LaTeX Font Info:    Redeclaring math symbol \Phi on input line 63.
LaTeX Font Info:    Redeclaring math symbol \Psi on input line 63.
LaTeX Font Info:    Redeclaring math symbol \Omega on input line 63.
LaTeX Font Info:    Redeclaring math symbol \mathdollar on input line 63.
LaTeX Font Info:    Redeclaring symbol font `operators' on input line 63.
LaTeX Font Info:    Encoding `OT1' has changed to `EU1' for symbol font
(Font)              `operators' in the math version `normal' on input line 63.
LaTeX Font Info:    Overwriting symbol font `operators' in version `normal'
(Font)                  OT1/cmr/m/n --> EU1/CourierNew(0)/m/n on input line 63.

LaTeX Font Info:    Encoding `OT1' has changed to `EU1' for symbol font
(Font)              `operators' in the math version `bold' on input line 63.
LaTeX Font Info:    Overwriting symbol font `operators' in version `bold'
(Font)                  OT1/cmr/bx/n --> EU1/CourierNew(0)/m/n on input line 63
.
LaTeX Font Info:    Overwriting symbol font `operators' in version `normal'
(Font)                  EU1/CourierNew(0)/m/n --> EU1/CourierNew(0)/m/n on inpu
t line 63.
LaTeX Font Info:    Overwriting math alphabet `\mathrm' in version `normal'
(Font)                  EU1/CourierNew(0)/m/n --> EU1/CourierNew(0)/m/n on inpu
t line 63.
LaTeX Font Info:    Overwriting math alphabet `\mathit' in version `normal'
(Font)                  OT1/cmr/m/it --> EU1/CourierNew(0)/m/it on input line 6
3.
LaTeX Font Info:    Overwriting math alphabet `\mathbf' in version `normal'
(Font)                  OT1/cmr/bx/n --> EU1/CourierNew(0)/bx/n on input line 6
3.
LaTeX Font Info:    Overwriting math alphabet `\mathsf' in version `normal'
(Font)                  OT1/cmss/m/n --> EU1/lmss/m/n on input line 63.
LaTeX Font Info:    Overwriting math alphabet `\mathtt' in version `normal'
(Font)                  OT1/cmtt/m/n --> EU1/lmtt/m/n on input line 63.
LaTeX Font Info:    Overwriting symbol font `operators' in version `bold'
(Font)                  EU1/CourierNew(0)/m/n --> EU1/CourierNew(0)/bx/n on inp
ut line 63.
LaTeX Font Info:    Overwriting math alphabet `\mathrm' in version `bold'
(Font)                  EU1/CourierNew(0)/m/n --> EU1/CourierNew(0)/bx/n on inp
ut line 63.
LaTeX Font Info:    Overwriting math alphabet `\mathit' in version `bold'
(Font)                  OT1/cmr/bx/it --> EU1/CourierNew(0)/bx/it on input line
 63.
LaTeX Font Info:    Overwriting math alphabet `\mathsf' in version `bold'
(Font)                  OT1/cmss/bx/n --> EU1/lmss/bx/n on input line 63.
LaTeX Font Info:    Overwriting math alphabet `\mathtt' in version `bold'
(Font)                  OT1/cmtt/m/n --> EU1/lmtt/bx/n on input line 63.
Package hyperref Info: Link coloring ON on input line 63.

(/usr/share/texmf-texlive/tex/latex/hyperref/nameref.sty
Package: nameref 2007/05/29 v2.31 Cross-referencing by name of section

(/usr/share/texmf-texlive/tex/latex/oberdiek/refcount.sty
Package: refcount 2008/08/11 v3.1 Data extraction from references (HO)
)
\c@section@level=\count114
)
LaTeX Info: Redefining \ref on input line 63.
LaTeX Info: Redefining \pageref on input line 63.
 (./kmod.out)
(./kmod.out)
\@outlinefile=\write3
\openout3 = `kmod.out'.

\AtBeginShipoutBox=\box28


Package xeCJK Warning: Unknown CJK family `tt' is ignored.
Use \setCJKfamilyfont to define a CJK family. on input line 83.

LaTeX Font Info:    Try loading font information for EU1+lmtt on input line 83.

(/usr/share/texmf-texlive/tex/xelatex/euenc/eu1lmtt.fd
File: eu1lmtt.fd 2007/01/14 v1.3 Font defs for Latin Modern
)
LaTeX Font Info:    External font `cmex10' loaded for size
(Font)              <10.95> on input line 83.
LaTeX Font Info:    External font `cmex10' loaded for size
(Font)              <8> on input line 83.
LaTeX Font Info:    External font `cmex10' loaded for size
(Font)              <6> on input line 83.
Missing character: There is no ï¼‰ in font Courier New/ICU!
 [1

]
Underfull \hbox (badness 6220) in paragraph at lines 123--127
\EU1/CourierNew(0)/m/n/10.95 git:// git.kernel.org/ pub/ scm/ utils/ kernel/ km
od/
 []

[2]
Overfull \hbox (9.73616pt too wide) in paragraph at lines 187--187
[]\EU1/lmtt/m/n/10.95 configure.ac: 10: error: possibly undefined macro: AM_INI
T_AUTOMAKE[] 
 []


Overfull \hbox (42.41248pt too wide) in paragraph at lines 187--187
[]      \EU1/lmtt/m/n/10.95 If this token and others are legitimate, please use
 m4_pattern_allow.[] 
 []


Underfull \hbox (badness 10000) in paragraph at lines 199--199
[]\EU1/lmtt/m/n/10.95 configure: error: cannot find install-
 []

[3] [4] [5] [6]
Underfull \hbox (badness 1152) in paragraph at lines 337--337
[]\EU1/lmtt/m/n/10.95 / usr/ bin/ install: cannot create regular file `/ usr/ l
ib/
 []

[7]
Underfull \hbox (badness 6110) in paragraph at lines 394--394
[]\EU1/lmtt/m/n/10.95 libtool: install: / usr/ bin/ install - c libkmod/.libs/
 []


Overfull \hbox (42.41241pt too wide) in paragraph at lines 394--394
[]\EU1/lmtt/m/n/10.95 ---------------------------------------------------------
-------------[] 
 []


Overfull \hbox (42.41241pt too wide) in paragraph at lines 394--394
[]\EU1/lmtt/m/n/10.95 ---------------------------------------------------------
-------------[] 
 []

[8] [9]
Overfull \hbox (298.78992pt too wide) in paragraph at lines 453--453
[]\EU1/lmtt/m/n/10.95 / usr/ bin/ kmod: ELF 32- bit LSB executable, Intel 80386
, version 1 (SYSV), dynamically linked (uses shared libs), for GNU/
 []


Overfull \hbox (115.22989pt too wide) in paragraph at lines 453--453
\EU1/lmtt/m/n/10.95 Linux 2.6.24, BuildID[sha1]=0x9d4131d1eb78b1e1852cc5ad44f06
417ae3caa3c, not stripped[] 
 []


Underfull \hbox (badness 10000) in paragraph at lines 453--453
[]  \EU1/lmtt/m/n/10.95 static- nodes outputs the static-
 []

[10] [11] [12] [13] [14] [15]
Overfull \hbox (11.75249pt too wide) in paragraph at lines 997--997
[] \EU1/lmtt/m/n/10.95 * version 2.1 of the License, or (at your option) any la
ter version.[] 
 []


Overfull \hbox (7.91997pt too wide) in paragraph at lines 997--997
[] \EU1/lmtt/m/n/10.95 * MERCHANTABILITY or FITNESS FOR A PARTICULAR PURPOSE.  
See the GNU[] 
 []


Overfull \hbox (17.50124pt too wide) in paragraph at lines 997--997
[] \EU1/lmtt/m/n/10.95 * License along with this library; if not, write to the 
Free Software[] 
 []


Overfull \hbox (55.82623pt too wide) in paragraph at lines 997--997
[] \EU1/lmtt/m/n/10.95 * Foundation, Inc., 51 Franklin St, Fifth Floor, Boston,
 MA  02110-1301  USA[] 
 []


Overfull \hbox (88.40242pt too wide) in paragraph at lines 997--997
[]\EU1/lmtt/m/n/10.95 struct kmod_ctx *kmod_new(const char *dirname, const char
 * const *config_paths);[] 
 []


Overfull \hbox (13.66869pt too wide) in paragraph at lines 997--997
[]\EU1/lmtt/m/n/10.95 void kmod_set_userdata(struct kmod_ctx *ctx, const void *
userdata);[] 
 []


Overfull \hbox (38.57994pt too wide) in paragraph at lines 997--997
[]\EU1/lmtt/m/n/10.95 int kmod_dump_index(struct kmod_ctx *ctx, enum kmod_index
 type, int fd);[] 
 []


Overfull \hbox (30.91495pt too wide) in paragraph at lines 997--997
[] \EU1/lmtt/m/n/10.95 * access to configuration lists - it allows to get each 
configuration's[] 
 []


Overfull \hbox (90.31865pt too wide) in paragraph at lines 997--997
[]\EU1/lmtt/m/n/10.95 struct kmod_config_iter *kmod_config_get_blacklists(const
 struct kmod_ctx *ctx);[] 
 []


Overfull \hbox (124.81114pt too wide) in paragraph at lines 997--997
[]\EU1/lmtt/m/n/10.95 struct kmod_config_iter *kmod_config_get_install_commands
(const struct kmod_ctx *ctx);[] 
 []


Overfull \hbox (119.0624pt too wide) in paragraph at lines 997--997
[]\EU1/lmtt/m/n/10.95 struct kmod_config_iter *kmod_config_get_remove_commands(
const struct kmod_ctx *ctx);[] 
 []


Overfull \hbox (73.0724pt too wide) in paragraph at lines 997--997
[]\EU1/lmtt/m/n/10.95 struct kmod_config_iter *kmod_config_get_aliases(const st
ruct kmod_ctx *ctx);[] 
 []


Overfull \hbox (73.0724pt too wide) in paragraph at lines 997--997
[]\EU1/lmtt/m/n/10.95 struct kmod_config_iter *kmod_config_get_options(const st
ruct kmod_ctx *ctx);[] 
 []


Overfull \hbox (78.82115pt too wide) in paragraph at lines 997--997
[]\EU1/lmtt/m/n/10.95 struct kmod_config_iter *kmod_config_get_softdeps(const s
truct kmod_ctx *ctx);[] 
 []


Overfull \hbox (55.82616pt too wide) in paragraph at lines 997--997
[]\EU1/lmtt/m/n/10.95 const char *kmod_config_iter_get_key(const struct kmod_co
nfig_iter *iter);[] 
 []


Overfull \hbox (67.32365pt too wide) in paragraph at lines 997--997
[]\EU1/lmtt/m/n/10.95 const char *kmod_config_iter_get_value(const struct kmod_
config_iter *iter);[] 
 []


Overfull \hbox (25.16618pt too wide) in paragraph at lines 997--997
[]\EU1/lmtt/m/n/10.95 int kmod_module_new_from_name(struct kmod_ctx *ctx, const
 char *name,[] 
 []


Overfull \hbox (25.16618pt too wide) in paragraph at lines 997--997
[]\EU1/lmtt/m/n/10.95 int kmod_module_new_from_path(struct kmod_ctx *ctx, const
 char *path,[] 
 []


Overfull \hbox (76.90492pt too wide) in paragraph at lines 997--997
[]\EU1/lmtt/m/n/10.95 int kmod_module_new_from_lookup(struct kmod_ctx *ctx, con
st char *given_alias,[] 
 []


Overfull \hbox (55.82617pt too wide) in paragraph at lines 997--997
[]\EU1/lmtt/m/n/10.95 struct kmod_module *kmod_module_get_module(const struct k
mod_list *entry);[] 
 []


Overfull \hbox (59.65868pt too wide) in paragraph at lines 997--997
[]\EU1/lmtt/m/n/10.95 int kmod_module_remove_module(struct kmod_module *mod, un
signed int flags);[] 
 []


Overfull \hbox (53.90993pt too wide) in paragraph at lines 997--997
[]\EU1/lmtt/m/n/10.95 int kmod_module_insert_module(struct kmod_module *mod, un
signed int flags,[] 
 []


Underfull \hbox (badness 10000) in paragraph at lines 997--997
[]            \EU1/lmtt/m/n/10.95 void (*print_action)
 []


Overfull \hbox (15.58493pt too wide) in paragraph at lines 997--997
[]\EU1/lmtt/m/n/10.95 const char *kmod_module_get_options(const struct kmod_mod
ule *mod);[] 
 []


Overfull \hbox (67.32367pt too wide) in paragraph at lines 997--997
[]\EU1/lmtt/m/n/10.95 const char *kmod_module_get_install_commands(const struct
 kmod_module *mod);[] 
 []


Overfull \hbox (61.57492pt too wide) in paragraph at lines 997--997
[]\EU1/lmtt/m/n/10.95 const char *kmod_module_get_remove_commands(const struct 
kmod_module *mod);[] 
 []


Overfull \hbox (78.82117pt too wide) in paragraph at lines 997--997
[]\EU1/lmtt/m/n/10.95 struct kmod_list *kmod_module_get_dependencies(const stru
ct kmod_module *mod);[] 
 []


Overfull \hbox (11.75243pt too wide) in paragraph at lines 997--997
[]\EU1/lmtt/m/n/10.95 int kmod_module_get_filtered_blacklist(const struct kmod_
ctx *ctx,[] 
 []


Overfull \hbox (30.91501pt too wide) in paragraph at lines 997--997
[]                    \EU1/lmtt/m/n/10.95 struct kmod_list **output) __attribut
e__ ((deprecated));[] 
 []


Overfull \hbox (57.74246pt too wide) in paragraph at lines 997--997
[] \EU1/lmtt/m/n/10.95 * Information regarding "live information" from module's
 state, as returned[] 
 []


Overfull \hbox (46.2449pt too wide) in paragraph at lines 997--997
[]\EU1/lmtt/m/n/10.95 const char *kmod_module_initstate_str(enum kmod_module_in
itstate state);[] 
 []


Overfull \hbox (50.07742pt too wide) in paragraph at lines 997--997
[]\EU1/lmtt/m/n/10.95 struct kmod_list *kmod_module_get_holders(const struct km
od_module *mod);[] 
 []


Overfull \hbox (55.82617pt too wide) in paragraph at lines 997--997
[]\EU1/lmtt/m/n/10.95 struct kmod_list *kmod_module_get_sections(const struct k
mod_module *mod);[] 
 []


Overfull \hbox (44.32867pt too wide) in paragraph at lines 997--997
[]\EU1/lmtt/m/n/10.95 const char *kmod_module_section_get_name(const struct kmo
d_list *entry);[] 
 []


Overfull \hbox (73.07242pt too wide) in paragraph at lines 997--997
[]\EU1/lmtt/m/n/10.95 unsigned long kmod_module_section_get_address(const struc
t kmod_list *entry);[] 
 []


Overfull \hbox (92.23492pt too wide) in paragraph at lines 997--997
[]\EU1/lmtt/m/n/10.95 int kmod_module_get_info(const struct kmod_module *mod, s
truct kmod_list **list);[] 
 []


Overfull \hbox (21.33368pt too wide) in paragraph at lines 997--997
[]\EU1/lmtt/m/n/10.95 const char *kmod_module_info_get_key(const struct kmod_li
st *entry);[] 
 []


Overfull \hbox (32.83118pt too wide) in paragraph at lines 997--997
[]\EU1/lmtt/m/n/10.95 const char *kmod_module_info_get_value(const struct kmod_
list *entry);[] 
 []


Overfull \hbox (115.22992pt too wide) in paragraph at lines 997--997
[]\EU1/lmtt/m/n/10.95 int kmod_module_get_versions(const struct kmod_module *mo
d, struct kmod_list **list);[] 
 []


Overfull \hbox (55.82617pt too wide) in paragraph at lines 997--997
[]\EU1/lmtt/m/n/10.95 const char *kmod_module_version_get_symbol(const struct k
mod_list *entry);[] 
 []


Overfull \hbox (23.24992pt too wide) in paragraph at lines 997--997
[]\EU1/lmtt/m/n/10.95 uint64_t kmod_module_version_get_crc(const struct kmod_li
st *entry);[] 
 []


Overfull \hbox (109.48117pt too wide) in paragraph at lines 997--997
[]\EU1/lmtt/m/n/10.95 int kmod_module_get_symbols(const struct kmod_module *mod
, struct kmod_list **list);[] 
 []


Overfull \hbox (50.07742pt too wide) in paragraph at lines 997--997
[]\EU1/lmtt/m/n/10.95 const char *kmod_module_symbol_get_symbol(const struct km
od_list *entry);[] 
 []


Overfull \hbox (17.50117pt too wide) in paragraph at lines 997--997
[]\EU1/lmtt/m/n/10.95 uint64_t kmod_module_symbol_get_crc(const struct kmod_lis
t *entry);[] 
 []


Overfull \hbox (172.7174pt too wide) in paragraph at lines 997--997
[]\EU1/lmtt/m/n/10.95 int kmod_module_get_dependency_symbols(const struct kmod_
module *mod, struct kmod_list **list);[] 
 []


Overfull \hbox (113.31364pt too wide) in paragraph at lines 997--997
[]\EU1/lmtt/m/n/10.95 const char *kmod_module_dependency_symbol_get_symbol(cons
t struct kmod_list *entry);[] 
 []


Overfull \hbox (57.74242pt too wide) in paragraph at lines 997--997
[]\EU1/lmtt/m/n/10.95 int kmod_module_dependency_symbol_get_bind(const struct k
mod_list *entry);[] 
 []


Overfull \hbox (80.73741pt too wide) in paragraph at lines 997--997
[]\EU1/lmtt/m/n/10.95 uint64_t kmod_module_dependency_symbol_get_crc(const stru
ct kmod_list *entry);[] 
 []


Overfull \hbox (36.66365pt too wide) in paragraph at lines 997--997
[]\EU1/lmtt/m/n/10.95 void kmod_module_dependency_symbols_free_list(struct kmod
_list *list);[] 
 []

[16]
Underfull \vbox (badness 10000) detected at line 997
 []


Underfull \vbox (badness 10000) detected at line 997
 []

[17]
Underfull \vbox (badness 10000) detected at line 997
 []


Underfull \vbox (badness 10000) detected at line 997
 []

[18]
Underfull \vbox (badness 10000) detected at line 997
 []


Underfull \vbox (badness 10000) detected at line 997
 []

[19]
Underfull \vbox (badness 10000) detected at line 997
 []


Underfull \vbox (badness 10000) detected at line 997
 []

[20]
Underfull \vbox (badness 10000) detected at line 997
 []


Underfull \vbox (badness 10000) detected at line 997
 []

[21] [22] [23]
Overfull \hbox (21.23375pt too wide) in paragraph at lines 1155--1155
[]    \EU1/lmtt/m/n/10.95 char *alias; / * only set if this module was created 
from an alias */[] 
 []


Overfull \hbox (2.17122pt too wide) in paragraph at lines 1155--1155
[]     \EU1/lmtt/m/n/10.95 * private field used by kmod_module_get_probe_list()
 to detect[] 
 []


Overfull \hbox (21.3337pt too wide) in paragraph at lines 1155--1155
[]     \EU1/lmtt/m/n/10.95 * set by kmod_module_get_probe_list: indicates for p
robe_insert()[] 
 []


Overfull \hbox (25.16623pt too wide) in paragraph at lines 1155--1155
[]     \EU1/lmtt/m/n/10.95 * if module was created by searching the modules.bui
ltin file, this[] 
 []

[24] [25]
Underfull \hbox (badness 3098) in paragraph at lines 1160--1161
[]\EU1/CourierNew(0)/m/n/10.95 kmod_module_insert_module() in libkmod/ libkmod-

 []


Underfull \hbox (badness 10000) in paragraph at lines 1208--1209
[]\EU1/CourierNew(0)/m/n/10.95 kmod_module_remove_module in libkmod/ libkmod-
 []

[26]
File: ./figures/0-overview.jpg Graphic file (type QTm)
 <use  "./figures/0-overview.jpg" >
File: ./figures/1-app.jpg Graphic file (type QTm)
 <use  "./figures/1-app.jpg" > [27]
[28]
Underfull \hbox (badness 1389) in paragraph at lines 1345--1345
[]\EU1/lmtt/m/n/10.95 If no arguments (except options) are given, "depmod -
 []


Overfull \hbox (28.99872pt too wide) in paragraph at lines 1345--1345
[]\EU1/lmtt/m/n/10.95 depmod will output a dependency list suitable for the mod
probe utility.[] 
 []


Overfull \hbox (9.8362pt too wide) in paragraph at lines 1345--1345
[]\EU1/lmtt/m/n/10.95 The following options are useful for people managing dist
ributions:[] 
 []

[29] [30]
Overfull \hbox (15.38504pt too wide) in paragraph at lines 1406--1406
[]        \EU1/lmtt/m/n/10.95 -- first- time            Fail if module already 
inserted or removed[] 
 []


Overfull \hbox (9.53625pt too wide) in paragraph at lines 1406--1406
[]    \EU1/lmtt/m/n/10.95 - D, -- show- depends          Only print module depe
ndencies and exit[] 
 []


Overfull \hbox (9.53629pt too wide) in paragraph at lines 1406--1406
[]    \EU1/lmtt/m/n/10.95 - n, -- dry- run               Do not execute operati
ons, just print out[] 
 []


Overfull \hbox (11.55252pt too wide) in paragraph at lines 1406--1406
[]    \EU1/lmtt/m/n/10.95 - C, -- config=FILE           Use FILE instead of def
ault search paths[] 
 []

[31]
File: ./figures/2-core.jpg Graphic file (type QTm)
 <use  "./figures/2-core.jpg" > [32]
File: ./figures/2-base.jpg Graphic file (type QTm)
 <use  "./figures/2-base.jpg" >
File: ./figures/3-syscall.jpg Graphic file (type QTm)

<use  "./figures/3-syscall.jpg" > [33] [34]
File: ./figures/sys.jpg Graphic file (type QTm)
 <use  "./figures/sys.jpg" >
[35]
Overfull \hbox (88.40242pt too wide) in paragraph at lines 1551--1551
[]\EU1/lmtt/m/n/10.95 struct kmod_ctx *kmod_new(const char *dirname, const char
 * const *config_paths);[] 
 []


Overfull \hbox (2.17139pt too wide) in paragraph at lines 1551--1551
[]                                    \EU1/lmtt/m/n/10.95 int priority, const c
har *file, int line,[] 
 []

[36]
Underfull \hbox (badness 10000) in paragraph at lines 1605--1605
[]        \EU1/lmtt/m/n/10.95 char *alias; /
 []

[37]
Overfull \hbox (25.16618pt too wide) in paragraph at lines 1627--1627
[]\EU1/lmtt/m/n/10.95 int kmod_module_new_from_name(struct kmod_ctx *ctx, const
 char *name,[] 
 []


Overfull \hbox (25.16618pt too wide) in paragraph at lines 1627--1627
[]\EU1/lmtt/m/n/10.95 int kmod_module_new_from_path(struct kmod_ctx *ctx, const
 char *path,[] 
 []


Overfull \hbox (76.90492pt too wide) in paragraph at lines 1627--1627
[]\EU1/lmtt/m/n/10.95 int kmod_module_new_from_lookup(struct kmod_ctx *ctx, con
st char *given_alias,[] 
 []


Overfull \hbox (55.82617pt too wide) in paragraph at lines 1627--1627
[]\EU1/lmtt/m/n/10.95 struct kmod_module *kmod_module_get_module(const struct k
mod_list *entry);[] 
 []

[38]
Overfull \hbox (59.65868pt too wide) in paragraph at lines 1634--1634
[]\EU1/lmtt/m/n/10.95 int kmod_module_remove_module(struct kmod_module *mod, un
signed int flags);[] 
 []


Overfull \hbox (53.90993pt too wide) in paragraph at lines 1634--1634
[]\EU1/lmtt/m/n/10.95 int kmod_module_insert_module(struct kmod_module *mod, un
signed int flags,[] 
 []


Overfull \hbox (15.58493pt too wide) in paragraph at lines 1659--1659
[]\EU1/lmtt/m/n/10.95 const char *kmod_module_get_options(const struct kmod_mod
ule *mod);[] 
 []


Overfull \hbox (67.32367pt too wide) in paragraph at lines 1659--1659
[]\EU1/lmtt/m/n/10.95 const char *kmod_module_get_install_commands(const struct
 kmod_module *mod);[] 
 []


Overfull \hbox (61.57492pt too wide) in paragraph at lines 1659--1659
[]\EU1/lmtt/m/n/10.95 const char *kmod_module_get_remove_commands(const struct 
kmod_module *mod);[] 
 []


Overfull \hbox (78.82117pt too wide) in paragraph at lines 1659--1659
[]\EU1/lmtt/m/n/10.95 struct kmod_list *kmod_module_get_dependencies(const stru
ct kmod_module *mod);[] 
 []


Overfull \hbox (19.41759pt too wide) in paragraph at lines 1659--1659
[]                            \EU1/lmtt/m/n/10.95 struct kmod_list **pre, struc
t kmod_list **post);[] 
 []

[39]
Overfull \hbox (41.90005pt too wide) in paragraph at lines 1660--1664
[]\rm/m/n/10.95 ä»¥ ä¸‹ å‡½ æ•° æ¥ å£ ä¸» è¦ ç”¨ \EU1/CourierNew(0)/m/n/10.9
5 modinfo \rm/m/n/10.95 å‘½ ä»¤ çš„ å® ç°ã€‚| å…¶ ä¸­ \EU1/CourierNew(0)/m/n/
10.95 kmod_module_info_get_key
 []


Overfull \hbox (92.23492pt too wide) in paragraph at lines 1670--1670
[]\EU1/lmtt/m/n/10.95 int kmod_module_get_info(const struct kmod_module *mod, s
truct kmod_list **list);[] 
 []


Overfull \hbox (21.33368pt too wide) in paragraph at lines 1670--1670
[]\EU1/lmtt/m/n/10.95 const char *kmod_module_info_get_key(const struct kmod_li
st *entry);[] 
 []


Overfull \hbox (32.83118pt too wide) in paragraph at lines 1670--1670
[]\EU1/lmtt/m/n/10.95 const char *kmod_module_info_get_value(const struct kmod_
list *entry);[] 
 []

[40]
Overfull \hbox (96.06743pt too wide) in paragraph at lines 1705--1705
[]\EU1/lmtt/m/n/10.95 struct kmod_file *kmod_file_open(const struct kmod_ctx *c
tx, const char *filename)[] 
 []


Underfull \hbox (badness 1072) in paragraph at lines 1708--1713
[]\rm/m/n/10.95 è¯¥ æ¨¡ å— æ˜¯ éš¶ å± äº \EU1/CourierNew(0)/m/n/10.95 kmod_f
ile \rm/m/n/10.95 æ¨¡ å— çš„ ä¸€ ä¸ª æˆ å‘˜ å˜ é‡ï¼Œ| ç”¨ æ¥ æ”¯ æŒ
 []

[41]
Overfull \hbox (25.16618pt too wide) in paragraph at lines 1757--1757
[]\EU1/lmtt/m/n/10.95 int kmod_elf_strip_section(struct kmod_elf *elf, const ch
ar *section)[] 
 []

[42]
Overfull \hbox (301.10612pt too wide) in paragraph at lines 1792--1792
[]\EU1/lmtt/m/n/10.95 struct kmod_list *kmod_list_append(struct kmod_list *list
, const void *data) _must_check_ __attribute__((nonnull(2)));[] 
 []


Overfull \hbox (306.85487pt too wide) in paragraph at lines 1792--1792
[]\EU1/lmtt/m/n/10.95 struct kmod_list *kmod_list_prepend(struct kmod_list *lis
t, const void *data) _must_check_ __attribute__((nonnull(2)));[] 
 []


Overfull \hbox (44.32866pt too wide) in paragraph at lines 1792--1792
[]\EU1/lmtt/m/n/10.95 struct kmod_list *kmod_list_remove(struct kmod_list *list
) _must_check_;[] 
 []


Overfull \hbox (109.48134pt too wide) in paragraph at lines 1792--1792
[]                                    \EU1/lmtt/m/n/10.95 const void *data) _mu
st_check_ __attribute__((nonnull(2)));[] 
 []


Overfull \hbox (17.50117pt too wide) in paragraph at lines 1792--1792
[]\EU1/lmtt/m/n/10.95 struct kmod_list *kmod_list_remove_n_latest(struct kmod_l
ist *list,[] 
 []


Overfull \hbox (262.78113pt too wide) in paragraph at lines 1792--1792
[]\EU1/lmtt/m/n/10.95 struct kmod_list *kmod_list_insert_after(struct kmod_list
 *list, const void *data) __attribute__((nonnull(2)));[] 
 []


Overfull \hbox (268.52988pt too wide) in paragraph at lines 1792--1792
[]\EU1/lmtt/m/n/10.95 struct kmod_list *kmod_list_insert_before(struct kmod_lis
t *list, const void *data) __attribute__((nonnull(2)));[] 
 []


Overfull \hbox (216.79114pt too wide) in paragraph at lines 1792--1792
[]\EU1/lmtt/m/n/10.95 struct kmod_list *kmod_list_append_list(struct kmod_list 
*list1, struct kmod_list *list2) _must_check_;[] 
 []


Overfull \hbox (21.33371pt too wide) in paragraph at lines 1792--1792
[]    \EU1/lmtt/m/n/10.95 for (list_entry = ((first_entry) == NULL) ? NULL : (f
irst_entry); \[] 
 []


Overfull \hbox (90.31874pt too wide) in paragraph at lines 1792--1792
[]            \EU1/lmtt/m/n/10.95 list_entry = (list_entry->node.next == &((fir
st_entry)->node)) ? NULL : \[] 
 []


Overfull \hbox (25.16623pt too wide) in paragraph at lines 1792--1792
[]            \EU1/lmtt/m/n/10.95 container_of(list_entry->node.next, struct km
od_list, node))[] 
 []

Missing character: There is no ï¼Œ in font Courier New/ICU!
Missing character: There is no ï¼Œ in font Courier New/ICU!
[43]
Overfull \hbox (228.28865pt too wide) in paragraph at lines 1825--1825
[]\EU1/lmtt/m/n/10.95 int kmod_config_new(struct kmod_ctx *ctx, struct kmod_con
fig **p_config, const char * const *config_paths)[] 
 []


Overfull \hbox (13.6687pt too wide) in paragraph at lines 1854--1854
[]\EU1/lmtt/m/n/10.95 int hash_add(struct hash *hash, const char *key, const vo
id *value);[] 
 []


Overfull \hbox (53.90994pt too wide) in paragraph at lines 1854--1854
[]\EU1/lmtt/m/n/10.95 int hash_add_unique(struct hash *hash, const char *key, c
onst void *value);[] 
 []


Overfull \hbox (23.24994pt too wide) in paragraph at lines 1854--1854
[]\EU1/lmtt/m/n/10.95 void hash_iter_init(const struct hash *hash, struct hash_
iter *iter);[] 
 []

[44]
Overfull \hbox (9.8362pt too wide) in paragraph at lines 1887--1887
[]\EU1/lmtt/m/n/10.95 void index_dump(struct index_file *in, int fd, const char
 *prefix);[] 
 []


Overfull \hbox (74.98868pt too wide) in paragraph at lines 1887--1887
[]\EU1/lmtt/m/n/10.95 struct index_value *index_searchwild(struct index_file *i
dx, const char *key);[] 
 []


Overfull \hbox (51.99368pt too wide) in paragraph at lines 1887--1887
[]\EU1/lmtt/m/n/10.95 struct index_mm *index_mm_open(struct kmod_ctx *ctx, cons
t char *filename,[] 
 []


Overfull \hbox (80.73743pt too wide) in paragraph at lines 1887--1887
[]\EU1/lmtt/m/n/10.95 struct index_value *index_mm_searchwild(struct index_mm *
idx, const char *key);[] 
 []


Overfull \hbox (21.3337pt too wide) in paragraph at lines 1887--1887
[]\EU1/lmtt/m/n/10.95 void index_mm_dump(struct index_mm *idx, int fd, const ch
ar *prefix);[] 
 []

[45]
Overfull \hbox (1.83066pt too wide) in paragraph at lines 1919--1921
[]\EU1/CourierNew(0)/m/n/10.95 elf \rm/m/n/10.95 æ¨¡ å— çš„ æ¥ å£ ä¸» è¦ åŒ
… å« \EU1/CourierNew(0)/m/n/10.95 elf_get_mem, elf_get_section_header,
 []

[46]
Overfull \hbox (132.4762pt too wide) in paragraph at lines 1930--1930
[]\EU1/lmtt/m/n/10.95 static uint64_t elf_get_uint (const struct kmod_elf *elf,
 uint64_t offset, uint16_t size)[] 
 []


Overfull \hbox (159.3037pt too wide) in paragraph at lines 1930--1930
[]\EU1/lmtt/m/n/10.95 static int elf_set_uint (struct kmod_elf *elf, uint64_t o
ffset, uint64_t size, uint64_t value)[] 
 []


Overfull \hbox (59.6587pt too wide) in paragraph at lines 1930--1930
[]\EU1/lmtt/m/n/10.95 static const void *elf_get_mem (const struct kmod_elf *el
f, uint64_t offset)[] 
 []


Overfull \hbox (105.64868pt too wide) in paragraph at lines 1930--1930
[]\EU1/lmtt/m/n/10.95 static const void *elf_get_section_header (const struct k
mod_elf *elf, uint16_t idx)[] 
 []


Overfull \hbox (343.26366pt too wide) in paragraph at lines 1930--1930
[]\EU1/lmtt/m/n/10.95 static int elf_get_section_info (const struct kmod_elf *e
lf, uint16_t idx, uint64_t *offset, uint64_t *size, uint32_t *nameoff)[] 
 []


Overfull \hbox (126.72743pt too wide) in paragraph at lines 1930--1930
[]\EU1/lmtt/m/n/10.95 static const char * elf_get_strings_section (const struct
 kmod_elf *elf, uint64_t *size)[] 
 []


Overfull \hbox (32.83119pt too wide) in paragraph at lines 1955--1955
[]\EU1/lmtt/m/n/10.95 static struct list_node * list_node_next (const struct li
st_node *node)[] 
 []


Overfull \hbox (32.83119pt too wide) in paragraph at lines 1955--1955
[]\EU1/lmtt/m/n/10.95 static struct list_node * list_node_prev (const struct li
st_node *node)[] 
 []


Overfull \hbox (67.32368pt too wide) in paragraph at lines 1955--1955
[]\EU1/lmtt/m/n/10.95 static void list_node_append (struct list_node *list, str
uct list_node *node)[] 
 []


Overfull \hbox (11.75244pt too wide) in paragraph at lines 1955--1955
[]\EU1/lmtt/m/n/10.95 static struct list_node * list_node_remove (struct list_n
ode *node)[] 
 []


Overfull \hbox (101.81618pt too wide) in paragraph at lines 1955--1955
[]\EU1/lmtt/m/n/10.95 static void list_node_insert_after (struct list_node *lis
t, struct list_node *node)[] 
 []


Overfull \hbox (107.56493pt too wide) in paragraph at lines 1955--1955
[]\EU1/lmtt/m/n/10.95 static void list_node_insert_before (struct list_node *li
st, struct list_node *node)[] 
 []


Overfull \hbox (107.56493pt too wide) in paragraph at lines 1955--1955
[]\EU1/lmtt/m/n/10.95 static void list_node_append_list (struct list_node *list
1, struct list_node *list2)[] 
 []

[47]
Overfull \hbox (7.91994pt too wide) in paragraph at lines 1986--1986
[]\EU1/lmtt/m/n/10.95 int array_append_unique(struct array *array, const void *
element);[] 
 []


Underfull \hbox (badness 10000) in paragraph at lines 1986--1986
[]\EU1/lmtt/m/n/10.95 void array_sort(struct array *array, int (*cmp)
 []


Overfull \hbox (1.36436pt too wide) in paragraph at lines 1997--2002
[]\rm/m/n/10.95 ä½† æ˜¯ï¼Œ| è¿™ ä¸ª å‡½ æ•° å¹¶ ä¸ æ˜¯ ç›´ æ¥ è¢« è°ƒ ç”¨ï¼Œ|
 è€Œ æ˜¯ é€š è¿‡ ä¸€ ä¸ª å® å®š ä¹‰ \EU1/CourierNew(0)/m/n/10.95 kmod_log_cond

 []

[48]
Overfull \hbox (42.41254pt too wide) in paragraph at lines 2013--2013
[] \EU1/lmtt/m/n/10.95 17                 kmod_log(ctx, prio, __FILE__, __LINE_
_, __func__, ## arg);
 []


Overfull \hbox (38.57999pt too wide) in paragraph at lines 2013--2013
[] \EU1/lmtt/m/n/10.95 12         kmod_log_null(struct kmod_ctx *ctx, const cha
r *format, ...) {}[] 
 []


Overfull \hbox (19.41747pt too wide) in paragraph at lines 2030--2030
[] \EU1/lmtt/m/n/10.95 22 #    define DBG(ctx, arg...) kmod_log_cond(ctx, LOG_D
EBUG, ## arg)[] 
 []


Overfull \hbox (11.75246pt too wide) in paragraph at lines 2030--2030
[] \EU1/lmtt/m/n/10.95 26 #  define INFO(ctx, arg...) kmod_log_cond(ctx, LOG_IN
FO, ## arg)[] 
 []

[49] [50]
Overfull \hbox (7.91994pt too wide) in paragraph at lines 2118--2118
[]\EU1/lmtt/m/n/10.95 150 static int handle_kmod_compat_commands(int argc, char
 *argv[])[] 
 []


Overfull \hbox (2.1713pt too wide) in paragraph at lines 2118--2118
[]\EU1/lmtt/m/n/10.95 159                         return kmod_compat_cmds[i]->c
md(argc, argv);[] 
 []

[51] [52]
File: ./figures/cmd.jpg Graphic file (type QTm)
 <use  "./figures/cmd.jpg" > [53]
File: ./figures/insmod.jpg Graphic file (type QTm)
 <use  "./figures/insmod.jpg" >
Overfull \hbox (17.80878pt too wide) in paragraph at lines 2211--2214
[]\rm/m/n/10.95 å°† \EU1/CourierNew(0)/m/n/10.95 mod \rm/m/n/10.95 æ’ å…¥ åˆ° 
å½“ å‰ æ¨¡ å— åˆ— è¡¨ ä¸­\EU1/CourierNew(0)/m/n/10.95 , \rm/m/n/10.95 é€š è¿‡
 \EU1/CourierNew(0)/m/n/10.95 kmod_module_insert_module
 []

[54]
Overfull \hbox (70.36758pt too wide) in paragraph at lines 2240--2243
\rm/m/n/10.95 å¯ ä»¥ çœ‹ å‡ºï¼Œ| è¿™ é‡Œ çœŸ æ­£ æœ€ å å®Œ æˆ æ’ å…¥ æ“ ä
½œ çš„ å‡½ æ•° æ˜¯ \EU1/CourierNew(0)/m/n/10.95 kmod_module_insert_module(mod,
 []

[55]
File: ./figures/rmmod.jpg Graphic file (type QTm)
 <use  "./figures/rmmod.jpg" > [56]
Overfull \hbox (70.36758pt too wide) in paragraph at lines 2344--2347
\rm/m/n/10.95 å¯ ä»¥ çœ‹ å‡ºï¼Œ| è¿™ é‡Œ çœŸ æ­£ æœ€ å å®Œ æˆ æ’ å…¥ æ“ ä
½œ çš„ å‡½ æ•° æ˜¯ \EU1/CourierNew(0)/m/n/10.95 kmod_module_insert_module(mod,
 []

[57]
Overfull \hbox (19.41753pt too wide) in paragraph at lines 2398--2398
[]                    \EU1/lmtt/m/n/10.95 struct kmod_module *hm = kmod_module_
get_module(hitr);[] 
 []

[58]
File: ./figures/lsmod.jpg Graphic file (type QTm)
 <use  "./figures/lsmod.jpg" >
Overfull \hbox (81.10132pt too wide) in paragraph at lines 2405--2409
[]\EU1/CourierNew(0)/m/n/10.95 lsmod \rm/m/n/10.95 å‘½ ä»¤ çš„ å® ç° ä»£ ç  
ä¸­ï¼Œ| æœ€ é‡ è¦ çš„ ä¸€ ä¸ª è°ƒ ç”¨ï¼Œ| å°± æ˜¯ \EU1/CourierNew(0)/m/n/10.9
5 kmod_module_new_from_loaded\rm/m/n/10.95 ï¼Œ|
 []

[59]
File: ./figures/modinfo.jpg Graphic file (type QTm)
 <use  "./figures/modinfo.jpg" > [60]
Overfull \hbox (6.0037pt too wide) in paragraph at lines 2516--2516
[]\EU1/lmtt/m/n/10.95 static int modinfo_path_do(struct kmod_ctx *ctx, const ch
ar *path)[] 
 []


Overfull \hbox (17.50119pt too wide) in paragraph at lines 2516--2516
[]\EU1/lmtt/m/n/10.95 static int modinfo_alias_do(struct kmod_ctx *ctx, const c
har *alias)[] 
 []


Overfull \hbox (71.15617pt too wide) in paragraph at lines 2516--2516
[]    \EU1/lmtt/m/n/10.95 err = kmod_module_apply_filter(ctx, KMOD_FILTER_BUILT
IN, list, &filtered);[] 
 []

[61] [62]
Underfull \hbox (badness 10000) in paragraph at lines 2558--2558
[]            \EU1/lmtt/m/n/10.95 printf("%s: %- *s %s
 []


Overfull \hbox (15.6069pt too wide) in paragraph at lines 2559--2561
[]\rm/m/n/10.95 åœ¨ å é¢ çš„ æ ¸ å¿ƒ ä»£ ç  åˆ† æ ç«  èŠ‚ ä¸­ï¼Œ| æˆ‘ ä»¬
 ä¼š å¯¹ è¿™ ä¸ª å‡½ æ•° \EU1/CourierNew(0)/m/n/10.95 kmod_module_get_info
 []

[63] [64]
File: ./figures/depmod.jpg Graphic file (type QTm)
 <use  "./figures/depmod.jpg" > [65] [66]
Underfull \hbox (badness 7168) in paragraph at lines 2804--2804
[]    \EU1/lmtt/m/n/10.95 depmod->symbols = hash_new(2048, (void (*)
 []


Overfull \hbox (57.74243pt too wide) in paragraph at lines 2804--2804
[]\EU1/lmtt/m/n/10.95 static int depmod_load_symvers(struct depmod *depmod, con
st char *filename)[] 
 []


Overfull \hbox (74.98868pt too wide) in paragraph at lines 2804--2804
[]\EU1/lmtt/m/n/10.95 static int depmod_load_system_map(struct depmod *depmod, 
const char *filename)[] 
 []


Overfull \hbox (69.23993pt too wide) in paragraph at lines 2804--2804
[]\EU1/lmtt/m/n/10.95 static int depmod_module_add(struct depmod *depmod, struc
t kmod_module *kmod)[] 
 []


Overfull \hbox (27.08243pt too wide) in paragraph at lines 2804--2804
[]    \EU1/lmtt/m/n/10.95 err = hash_add_unique(depmod->modules_by_name, mod->m
odname, mod);[] 
 []

[67]
Underfull \vbox (badness 10000) detected at line 2804
 []


Underfull \vbox (badness 10000) detected at line 2804
 []

[68]
Overfull \hbox (7.91995pt too wide) in paragraph at lines 2840--2840
[]\EU1/lmtt/m/n/10.95 static int cfg_load(struct cfg *cfg, const char * const *
cfg_paths)[] 
 []

[69] [70]
Overfull \hbox (44.32877pt too wide) in paragraph at lines 2891--2891
[]\EU1/lmtt/m/n/10.95 1795                 const struct mod **deps, *mod = depm
od->modules.array[i];[] 
 []


Overfull \hbox (28.9988pt too wide) in paragraph at lines 2891--2891
[]\EU1/lmtt/m/n/10.95 1824                         fprintf(out, " %s", mod_get_
compressed_path(d));[] 
 []


Overfull \hbox (46.24503pt too wide) in paragraph at lines 2891--2891
[]\EU1/lmtt/m/n/10.95 1825                         fprintf(stdout, " %s", mod_g
et_compressed_path(d));[] 
 []

[71] [72]
File: ./figures/modprobe.jpg Graphic file (type QTm)
 <use  "./figures/modprobe.jpg" >
Overfull \hbox (9.8362pt too wide) in paragraph at lines 2961--2961
[]\EU1/lmtt/m/n/10.95 static int insmod_all(struct kmod_ctx *ctx, char **args, 
int nargs)[] 
 []

[73]
Underfull \hbox (badness 1454) in paragraph at lines 2970--2976
[]\rm/m/n/10.95 å¯¹ æ¯” ä¸€ ä¸‹ \EU1/CourierNew(0)/m/n/10.95 insmod \rm/m/n/10.
95 å‘½ ä»¤ å½“ æ—¶ çš„ å® ç° ä»£ ç ï¼Œ| å…¶ ç”¨ åˆ° çš„ æ ¸ å¿ƒ å‡½ æ•°
 []


Underfull \hbox (badness 2512) in paragraph at lines 2970--2976
\rm/m/n/10.95 æ˜¯ \EU1/CourierNew(0)/m/n/10.95 kmod_module_insert_module \rm/m/
n/10.95 ï¼Œ| è¿™ ä¸ª å‡½ æ•° åª èƒ½ åŠ  è½½ ä¸€ ä¸ª
 []


Underfull \hbox (badness 1152) in paragraph at lines 2970--2976
\rm/m/n/10.95 æ¨¡ å—ï¼Œ| ä¸ èƒ½ å® ç° å¯¹ æ‰€ æœ‰ ä¾ èµ– å…³ ç³» æ¨¡ å— ç
š„ åŠ  è½½ï¼Œ| å›  æ­¤ åŠŸ èƒ½ ä¸Š æ¥ è¯´ï¼Œ|
 []


Overfull \hbox (60.54114pt too wide) in paragraph at lines 2970--2976
\EU1/CourierNew(0)/m/n/10.95 kmod_module_probe_insert_module \rm/m/n/10.95 éœ€ 
è¦ è°ƒ ç”¨ \EU1/CourierNew(0)/m/n/10.95 kmod_module_insert_module
 []

File: ./figures/insmod_all.jpg Graphic file (type QTm)
<use  "./figures/insmod_all.jpg" >
Overfull \hbox (122.9379pt too wide) in paragraph at lines 3012--3020
[]\rm/m/n/10.95 ä» ä¸Š é¢ çš„ ä»£ ç  åˆ† æ å¯ ä»¥ çœ‹ å‡ºï¼Œ| \EU1/Courie
rNew(0)/m/n/10.95 insmod \rm/m/n/10.95 å‡½ æ•° æ˜¯ ä¾ é  è°ƒ ç”¨ \EU1/Courier
New(0)/m/n/10.95 kmod_module_probe_insert_module()
 []


Underfull \hbox (badness 1454) in paragraph at lines 3012--3020
\rm/m/n/10.95 æ¥ å®Œ æˆ æ¨¡ å— åŠ  è½½ çš„ã€‚| ä¸º ä»€ ä¹ˆ è¿™ é‡Œ çš„ \EU1/
CourierNew(0)/m/n/10.95 insmod \rm/m/n/10.95 æ²¡ æœ‰ è°ƒ ç”¨ ä¹‹ å‰ åˆ†
 []


Underfull \hbox (badness 3291) in paragraph at lines 3012--3020
\rm/m/n/10.95 æ è¿‡ çš„ \EU1/CourierNew(0)/m/n/10.95 kmod_module_insert_modul
e() \rm/m/n/10.95 æ¥ å® ç° å‘¢ï¼Ÿ| æ˜¯ å›  ä¸º
 []

[74]
Overfull \hbox (90.08078pt too wide) in paragraph at lines 3021--3026
[]\rm/m/n/10.95 å½“ ç„¶ è¿™ ä¸¤ ä¸ª å‡½ æ•° ä¹‹ é—´ ä¹Ÿ æ˜¯ æœ‰ ç›¸ äº’ å…³ ç³»
 çš„ï¼Œ| è¡¨ ç° ä¸º \EU1/CourierNew(0)/m/n/10.95 kmod_module_probe_insert_modu
le()
 []

File: ./figures/kmod_module_probe_insert_module.jpg Graphic file (type QTm)
<use  "./figures/kmod_module_probe_insert_module.jpg" > [75]
File: ./figures/kmod_new.jpg Graphic file (type QTm)

<use  "./figures/kmod_new.jpg" > [76]
File: ./figures/kmod_unref.jpg Graphic file (type QTm)
 <use  "./figures/kmod_unref.jpg" >
[77]
File: ./figures/kmod_module_new_from_path.jpg Graphic file (type QTm)
 <use  "./figures/kmod_module_new_from_path.jpg" >
Overfull \hbox (59.65868pt too wide) in paragraph at lines 3181--3181
[]\EU1/lmtt/m/n/10.95 int kmod_module_new_from_path(kmod_ctx *ctx, char *path, 
kmod_module **mod)[] 
 []


Overfull \hbox (61.57492pt too wide) in paragraph at lines 3181--3181
[]\EU1/lmtt/m/n/10.95 158 char *path_to_modname(const char *path, char buf[PATH
_MAX], size_t *len)[] 
 []


Overfull \hbox (57.74242pt too wide) in paragraph at lines 3181--3181
[]\EU1/lmtt/m/n/10.95 134 inline char *modname_normalize(const char *modname, c
har buf[PATH_MAX],[] 
 []

[78]
File: ./figures/kmod_module_new_from_name.jpg Graphic file (type QTm)
 <use  "./figures/kmod_module_new_from_name.jpg" > [79]
Overfull \hbox (61.57495pt too wide) in paragraph at lines 3210--3210
[]    \EU1/lmtt/m/n/10.95 return kmod_module_new(ctx, name_norm, name_norm, nam
elen, NULL, 0, mod);[] 
 []

[80]
File: ./figures/kmod_module_new.jpg Graphic file (type QTm)
 <use  "./figures/kmod_module_new.jpg" > [81]
File: ./figures/kmod_module_insert_module.jpg Graphic file (type QTm)

<use  "./figures/kmod_module_insert_module.jpg" >
Overfull \hbox (48.16118pt too wide) in paragraph at lines 3327--3327
[]\EU1/lmtt/m/n/10.95 int kmod_module_insert_module(kmod_module *mod, int flags
, char *options)[] 
 []

[82] [83]
File: ./figures/user_sys_module.jpg Graphic file (type QTm)
 <use  "./figures/user_sys_module.jpg" >
Underfull \hbox (badness 1924) in paragraph at lines 3354--3356
[]\rm/m/n/10.95 å†… æ ¸ æ¨¡ å— çš„ åŠ  è½½ï¼Œ| æœ¬ è´¨ ä¸Š æ˜¯ ä¸€ ä¸ª æ¨¡ å—
 è¢« å†… æ ¸ é™ æ€ é“¾ æ¥ çš„ è¿‡ ç¨‹ï¼Œ|
 []

File: ./figures/sys_init_module.jpg Graphic file (type QTm)
<use  "./figures/sys_init_module.jpg" >
Overfull \hbox (88.40242pt too wide) in paragraph at lines 3396--3396
[]    \EU1/lmtt/m/n/10.95 err = kmod_elf_get_section(elf, ".gnu.linkonce.this_m
odule", &buf, &bufsize);[] 
 []

[84] [85]
File: ./figures/sys_delete_module.jpg Graphic file (type QTm)
 <use  "./figures/sys_delete_module.jpg" >
Overfull \hbox (2.48259pt too wide) in paragraph at lines 3424--3427
[]\rm/m/n/10.95 åœ¨ \EU1/CourierNew(0)/m/n/10.95 kmod-11 \rm/m/n/10.95 é¡¹ ç›® 
ä¸­ï¼Œ| åœ¨ \EU1/CourierNew(0)/m/n/10.95 testsuite/ \rm/m/n/10.95 ç›® å½• ä¸‹ æ
œ‰ ä¸€ ä¸ª \EU1/CourierNew(0)/m/n/10.95 delete_module.c
 []

[86] [87]
Overfull \hbox (1.38193pt too wide) in paragraph at lines 3454--3461
\rm/m/n/10.95 æ¨¡ å— çš„ å¼• ç”¨ è®¡ æ•° ä¹Ÿ éœ€ è¦ è¿› è¡Œ å‡ \EU1/CourierN
ew(0)/m/n/10.95 1 \rm/m/n/10.95 æ“ ä½œ \EU1/CourierNew(0)/m/n/10.95 kmod_modul
e_unref_list(mod-
 []


Overfull \hbox (6.8633pt too wide) in paragraph at lines 3454--3461
\EU1/CourierNew(0)/m/n/10.95 >dep)\rm/m/n/10.95 ã€‚| é‡Š æ”¾ è¯¥ æ¨¡ å— å¯¹ åº
” çš„ \EU1/CourierNew(0)/m/n/10.95 kmod_file \rm/m/n/10.95 ä¹Ÿ å°± æ˜¯ \EU1/Cou
rierNew(0)/m/n/10.95 kmod_file_unref(mod-
 []

File: ./figures/kmod_module_unref.jpg Graphic file (type QTm)
<use  "./figures/kmod_module_unref.jpg" > [88]
Overfull \hbox (6.00368pt too wide) in paragraph at lines 3538--3538
[]\EU1/lmtt/m/n/10.95 KMOD_EXPORT int kmod_module_new_from_loaded(struct kmod_c
tx *ctx,[] 
 []

[89]
File: ./figures/kmod_module_new_from_loaded.jpg Graphic file (type QTm)
 <use  "./figures/kmod_module_new_from_loaded.jpg" > [90]
Overfull \hbox (7.71992pt too wide) in paragraph at lines 3594--3594
[]\EU1/lmtt/m/n/10.95 key = vermagic=3.2.0-29- generic- pae SMP mod_unload modv
ersions 686[] 
 []


Overfull \hbox (153.55492pt too wide) in paragraph at lines 3594--3594
[]\EU1/lmtt/m/n/10.95 KMOD_EXPORT int kmod_module_get_info(const struct kmod_mo
dule *mod, struct kmod_list **list)[] 
 []

[91]
Overfull \hbox (6.00368pt too wide) in paragraph at lines 3639--3639
[]\EU1/lmtt/m/n/10.95 KMOD_EXPORT int kmod_module_new_from_lookup(struct kmod_c
tx *ctx,[] 
 []

[92]
Overfull \hbox (63.49115pt too wide) in paragraph at lines 3666--3666
[]\EU1/lmtt/m/n/10.95 int kmod_module_probe_insert_module(mod, flags, extra_opt
ions, run_install)[] 
 []


Underfull \hbox (badness 10000) in paragraph at lines 3666--3666
[]    \EU1/lmtt/m/n/10.95 err = kmod_module_get_probe_list(mod, !!
 []

[93]
File: ./figures/kmod_module_probe_insert_module.jpg Graphic file (type QTm)
 <use  "./figures/kmod_module_probe_insert_module.jpg" >
File: ./figures/kmod_module_get_probe_list.jpg Graphic file (type QTm)

<use  "./figures/kmod_module_get_probe_list.jpg" >
Overfull \hbox (2.17117pt too wide) in paragraph at lines 3710--3710
[]\EU1/lmtt/m/n/10.95 kmod_list *kmod_module_get_dependencies(struct kmod_modul
e *mod)[] 
 []


Overfull \hbox (15.58495pt too wide) in paragraph at lines 3710--3710
[]        \EU1/lmtt/m/n/10.95 l_new = kmod_list_append(list_new, kmod_module_re
f(l->data));[] 
 []

[94]
Underfull \hbox (badness 10000) in paragraph at lines 3731--3731
[]\EU1/lmtt/m/n/10.95 line = kernel/ fs/ nfs/ nfs.ko: kernel/ fs/ nfs_common/
 []


Overfull \hbox (7.91992pt too wide) in paragraph at lines 3731--3731
[]\EU1/lmtt/m/n/10.95 kmod_list *module_get_dependencies_noref(struct kmod_modu
le *mod)[] 
 []

[95]
Underfull \hbox (badness 10000) in paragraph at lines 3755--3755
\EU1/lmtt/m/n/10.95 net/ sunrpc/ auth_gss/ auth_rpcgss.ko kernel/ fs/ fscache/
 []


Overfull \hbox (36.66367pt too wide) in paragraph at lines 3755--3755
[]    \EU1/lmtt/m/n/10.95 return index_mm_search(ctx->indexes[KMOD_INDEX_MODULE
S_DEP], name);[] 
 []

File: ./figures/kmod_search_moddep.jpg Graphic file (type QTm)
<use  "./figures/kmod_search_moddep.jpg" >
Missing character: There is no Ì‘ in font Courier New/ICU!
 [96]
File: ./figures/kmod_module_parse_depline.jpg Graphic file (type QTm)

<use  "./figures/kmod_module_parse_depline.jpg" >
Underfull \hbox (badness 10000) in paragraph at lines 3812--3812
[]\EU1/lmtt/m/n/10.95 line = kernel/ fs/ nfs/ nfs.ko: kernel/ fs/ nfs_common/
 []


Overfull \hbox (9.83618pt too wide) in paragraph at lines 3812--3812
[]\EU1/lmtt/m/n/10.95 int kmod_module_parse_depline(struct kmod_module *mod, ch
ar *line)[] 
 []

[97]
Underfull \hbox (badness 10000) in paragraph at lines 3822--3823
[]\EU1/CourierNew(0)/m/n/10.95 https:// git.kernel.org/ cgit/ linux/ kernel/ gi
t/ kay/
 []

[98] [99] [100] (./kmod.aux) ) 
Here is how much of TeX's memory you used:
 9799 strings out of 495713
 151748 string characters out of 1188883
 276393 words of memory out of 3000000
 12779 multiletter control sequences out of 15000+50000
 6563 words of font info for 46 fonts, out of 3000000 for 9000
 28 hyphenation exceptions out of 8191
 40i,6n,44p,458b,431s stack positions out of 5000i,500n,10000p,200000b,50000s

Output written on kmod.pdf (100 pages).
