This file contains any messages produced by compilers while
running configure, to aid debugging if configure makes a mistake.

It was created by kmod configure 11, which was
generated by GNU Autoconf 2.68.  Invocation command line was

  $ ./configure CFLAGS=-g -O2 --prefix=/usr --sysconfdir=/etc --libdir=/usr/lib --no-create --no-recursion

## --------- ##
## Platform. ##
## --------- ##

hostname = ubuntu
uname -m = i686
uname -r = 3.2.0-29-generic-pae
uname -s = Linux
uname -v = #46-Ubuntu SMP Fri Jul 27 17:25:43 UTC 2012

/usr/bin/uname -p = unknown
/bin/uname -X     = unknown

/bin/arch              = unknown
/usr/bin/arch -k       = unknown
/usr/convex/getsysinfo = unknown
/usr/bin/hostinfo      = unknown
/bin/machine           = unknown
/usr/bin/oslevel       = unknown
/bin/universe          = unknown

PATH: /usr/local/sbin
PATH: /usr/local/bin
PATH: /usr/sbin
PATH: /usr/bin
PATH: /sbin
PATH: /bin
PATH: /usr/games
PATH: /opt/google/chrome
PATH: /opt/google/chrome


## ----------- ##
## Core tests. ##
## ----------- ##

configure:2375: checking for a BSD-compatible install
configure:2443: result: /usr/bin/install -c
configure:2454: checking whether build environment is sane
configure:2509: result: yes
configure:2660: checking for a thread-safe mkdir -p
configure:2699: result: /bin/mkdir -p
configure:2706: checking for gawk
configure:2736: result: no
configure:2706: checking for mawk
configure:2722: found /usr/bin/mawk
configure:2733: result: mawk
configure:2744: checking whether make sets $(MAKE)
configure:2766: result: yes
configure:2795: checking whether make supports nested variables
configure:2812: result: yes
configure:2886: checking how to create a pax tar archive
configure:2899: tar --version
tar (GNU tar) 1.26
Copyright (C) 2011 Free Software Foundation, Inc.
License GPLv3+: GNU GPL version 3 or later <http://gnu.org/licenses/gpl.html>.
This is free software: you are free to change and redistribute it.
There is NO WARRANTY, to the extent permitted by law.

Written by John Gilmore and Jay Fenlason.
configure:2902: $? = 0
configure:2942: tardir=conftest.dir && eval tar --format=posix -chf - "$tardir" >conftest.tar
configure:2945: $? = 0
configure:2949: tar -xf - <conftest.tar
configure:2952: $? = 0
configure:2965: result: gnutar
configure:2984: checking for style of include used by make
configure:3012: result: GNU
configure:3083: checking for gcc
configure:3099: found /usr/bin/gcc
configure:3110: result: gcc
configure:3339: checking for C compiler version
configure:3348: gcc --version >&5
gcc (Ubuntu/Linaro 4.6.3-1ubuntu5) 4.6.3
Copyright (C) 2011 Free Software Foundation, Inc.
This is free software; see the source for copying conditions.  There is NO
warranty; not even for MERCHANTABILITY or FITNESS FOR A PARTICULAR PURPOSE.

configure:3359: $? = 0
configure:3348: gcc -v >&5
Using built-in specs.
COLLECT_GCC=gcc
COLLECT_LTO_WRAPPER=/usr/lib/gcc/i686-linux-gnu/4.6/lto-wrapper
Target: i686-linux-gnu
Configured with: ../src/configure -v --with-pkgversion='Ubuntu/Linaro 4.6.3-1ubuntu5' --with-bugurl=file:///usr/share/doc/gcc-4.6/README.Bugs --enable-languages=c,c++,fortran,objc,obj-c++ --prefix=/usr --program-suffix=-4.6 --enable-shared --enable-linker-build-id --with-system-zlib --libexecdir=/usr/lib --without-included-gettext --enable-threads=posix --with-gxx-include-dir=/usr/include/c++/4.6 --libdir=/usr/lib --enable-nls --with-sysroot=/ --enable-clocale=gnu --enable-libstdcxx-debug --enable-libstdcxx-time=yes --enable-gnu-unique-object --enable-plugin --enable-objc-gc --enable-targets=all --disable-werror --with-arch-32=i686 --with-tune=generic --enable-checking=release --build=i686-linux-gnu --host=i686-linux-gnu --target=i686-linux-gnu
Thread model: posix
gcc version 4.6.3 (Ubuntu/Linaro 4.6.3-1ubuntu5) 
configure:3359: $? = 0
configure:3348: gcc -V >&5
gcc: error: unrecognized option '-V'
gcc: fatal error: no input files
compilation terminated.
configure:3359: $? = 4
configure:3348: gcc -qversion >&5
gcc: error: unrecognized option '-qversion'
gcc: fatal error: no input files
compilation terminated.
configure:3359: $? = 4
configure:3379: checking whether the C compiler works
configure:3401: gcc -g -O2   conftest.c  >&5
configure:3405: $? = 0
configure:3453: result: yes
configure:3456: checking for C compiler default output file name
configure:3458: result: a.out
configure:3464: checking for suffix of executables
configure:3471: gcc -o conftest -g -O2   conftest.c  >&5
configure:3475: $? = 0
configure:3497: result: 
configure:3519: checking whether we are cross compiling
configure:3527: gcc -o conftest -g -O2   conftest.c  >&5
configure:3531: $? = 0
configure:3538: ./conftest
configure:3542: $? = 0
configure:3557: result: no
configure:3562: checking for suffix of object files
configure:3584: gcc -c -g -O2  conftest.c >&5
configure:3588: $? = 0
configure:3609: result: o
configure:3613: checking whether we are using the GNU C compiler
configure:3632: gcc -c -g -O2  conftest.c >&5
configure:3632: $? = 0
configure:3641: result: yes
configure:3650: checking whether gcc accepts -g
configure:3670: gcc -c -g  conftest.c >&5
configure:3670: $? = 0
configure:3711: result: yes
configure:3728: checking for gcc option to accept ISO C89
configure:3792: gcc  -c -g -O2  conftest.c >&5
configure:3792: $? = 0
configure:3805: result: none needed
configure:3827: checking dependency style of gcc
configure:3938: result: gcc3
configure:3957: checking for gcc option to accept ISO C99
configure:4106: gcc  -c -g -O2  conftest.c >&5
conftest.c:61:29: error: expected ';', ',' or ')' before 'text'
conftest.c: In function 'main':
conftest.c:115:18: error: expected '=', ',', ';', 'asm' or '__attribute__' before 'newvar'
conftest.c:115:18: error: 'newvar' undeclared (first use in this function)
conftest.c:115:18: note: each undeclared identifier is reported only once for each function it appears in
conftest.c:125:3: error: 'for' loop initial declarations are only allowed in C99 mode
conftest.c:125:3: note: use option -std=c99 or -std=gnu99 to compile your code
configure:4106: $? = 1
configure: failed program was:
| /* confdefs.h */
| #define PACKAGE_NAME "kmod"
| #define PACKAGE_TARNAME "kmod"
| #define PACKAGE_VERSION "11"
| #define PACKAGE_STRING "kmod 11"
| #define PACKAGE_BUGREPORT "linux-modules@vger.kernel.org"
| #define PACKAGE_URL "http://git.kernel.org/?p=utils/kernel/kmod/kmod.git"
| #define PACKAGE "kmod"
| #define VERSION "11"
| /* end confdefs.h.  */
| #include <stdarg.h>
| #include <stdbool.h>
| #include <stdlib.h>
| #include <wchar.h>
| #include <stdio.h>
| 
| // Check varargs macros.  These examples are taken from C99 6.10.3.5.
| #define debug(...) fprintf (stderr, __VA_ARGS__)
| #define showlist(...) puts (#__VA_ARGS__)
| #define report(test,...) ((test) ? puts (#test) : printf (__VA_ARGS__))
| static void
| test_varargs_macros (void)
| {
|   int x = 1234;
|   int y = 5678;
|   debug ("Flag");
|   debug ("X = %d\n", x);
|   showlist (The first, second, and third items.);
|   report (x>y, "x is %d but y is %d", x, y);
| }
| 
| // Check long long types.
| #define BIG64 18446744073709551615ull
| #define BIG32 4294967295ul
| #define BIG_OK (BIG64 / BIG32 == 4294967297ull && BIG64 % BIG32 == 0)
| #if !BIG_OK
|   your preprocessor is broken;
| #endif
| #if BIG_OK
| #else
|   your preprocessor is broken;
| #endif
| static long long int bignum = -9223372036854775807LL;
| static unsigned long long int ubignum = BIG64;
| 
| struct incomplete_array
| {
|   int datasize;
|   double data[];
| };
| 
| struct named_init {
|   int number;
|   const wchar_t *name;
|   double average;
| };
| 
| typedef const char *ccp;
| 
| static inline int
| test_restrict (ccp restrict text)
| {
|   // See if C++-style comments work.
|   // Iterate through items via the restricted pointer.
|   // Also check for declarations in for loops.
|   for (unsigned int i = 0; *(text+i) != '\0'; ++i)
|     continue;
|   return 0;
| }
| 
| // Check varargs and va_copy.
| static void
| test_varargs (const char *format, ...)
| {
|   va_list args;
|   va_start (args, format);
|   va_list args_copy;
|   va_copy (args_copy, args);
| 
|   const char *str;
|   int number;
|   float fnumber;
| 
|   while (*format)
|     {
|       switch (*format++)
| 	{
| 	case 's': // string
| 	  str = va_arg (args_copy, const char *);
| 	  break;
| 	case 'd': // int
| 	  number = va_arg (args_copy, int);
| 	  break;
| 	case 'f': // float
| 	  fnumber = va_arg (args_copy, double);
| 	  break;
| 	default:
| 	  break;
| 	}
|     }
|   va_end (args_copy);
|   va_end (args);
| }
| 
| int
| main ()
| {
| 
|   // Check bool.
|   _Bool success = false;
| 
|   // Check restrict.
|   if (test_restrict ("String literal") == 0)
|     success = true;
|   char *restrict newvar = "Another string";
| 
|   // Check varargs.
|   test_varargs ("s, d' f .", "string", 65, 34.234);
|   test_varargs_macros ();
| 
|   // Check flexible array members.
|   struct incomplete_array *ia =
|     malloc (sizeof (struct incomplete_array) + (sizeof (double) * 10));
|   ia->datasize = 10;
|   for (int i = 0; i < ia->datasize; ++i)
|     ia->data[i] = i * 1.234;
| 
|   // Check named initializers.
|   struct named_init ni = {
|     .number = 34,
|     .name = L"Test wide string",
|     .average = 543.34343,
|   };
| 
|   ni.number = 58;
| 
|   int dynamic_array[ni.number];
|   dynamic_array[ni.number - 1] = 543;
| 
|   // work around unused variable warnings
|   return (!success || bignum == 0LL || ubignum == 0uLL || newvar[0] == 'x'
| 	  || dynamic_array[ni.number - 1] != 543);
| 
|   ;
|   return 0;
| }
configure:4106: gcc -std=gnu99 -c -g -O2  conftest.c >&5
configure:4106: $? = 0
configure:4126: result: -std=gnu99
configure:4228: checking for gcc -std=gnu99 option to accept ISO Standard C
configure:4242: result: -std=gnu99
configure:4252: checking how to run the C preprocessor
configure:4283: gcc -std=gnu99 -E  conftest.c
configure:4283: $? = 0
configure:4297: gcc -std=gnu99 -E  conftest.c
conftest.c:11:28: fatal error: ac_nonexistent.h: No such file or directory
compilation terminated.
configure:4297: $? = 1
configure: failed program was:
| /* confdefs.h */
| #define PACKAGE_NAME "kmod"
| #define PACKAGE_TARNAME "kmod"
| #define PACKAGE_VERSION "11"
| #define PACKAGE_STRING "kmod 11"
| #define PACKAGE_BUGREPORT "linux-modules@vger.kernel.org"
| #define PACKAGE_URL "http://git.kernel.org/?p=utils/kernel/kmod/kmod.git"
| #define PACKAGE "kmod"
| #define VERSION "11"
| /* end confdefs.h.  */
| #include <ac_nonexistent.h>
configure:4322: result: gcc -std=gnu99 -E
configure:4342: gcc -std=gnu99 -E  conftest.c
configure:4342: $? = 0
configure:4356: gcc -std=gnu99 -E  conftest.c
conftest.c:11:28: fatal error: ac_nonexistent.h: No such file or directory
compilation terminated.
configure:4356: $? = 1
configure: failed program was:
| /* confdefs.h */
| #define PACKAGE_NAME "kmod"
| #define PACKAGE_TARNAME "kmod"
| #define PACKAGE_VERSION "11"
| #define PACKAGE_STRING "kmod 11"
| #define PACKAGE_BUGREPORT "linux-modules@vger.kernel.org"
| #define PACKAGE_URL "http://git.kernel.org/?p=utils/kernel/kmod/kmod.git"
| #define PACKAGE "kmod"
| #define VERSION "11"
| /* end confdefs.h.  */
| #include <ac_nonexistent.h>
configure:4385: checking for grep that handles long lines and -e
configure:4443: result: /bin/grep
configure:4448: checking for egrep
configure:4510: result: /bin/grep -E
configure:4515: checking for ANSI C header files
configure:4535: gcc -std=gnu99 -c -g -O2  conftest.c >&5
configure:4535: $? = 0
configure:4608: gcc -std=gnu99 -o conftest -g -O2   conftest.c  >&5
configure:4608: $? = 0
configure:4608: ./conftest
configure:4608: $? = 0
configure:4619: result: yes
configure:4632: checking for sys/types.h
configure:4632: gcc -std=gnu99 -c -g -O2  conftest.c >&5
configure:4632: $? = 0
configure:4632: result: yes
configure:4632: checking for sys/stat.h
configure:4632: gcc -std=gnu99 -c -g -O2  conftest.c >&5
configure:4632: $? = 0
configure:4632: result: yes
configure:4632: checking for stdlib.h
configure:4632: gcc -std=gnu99 -c -g -O2  conftest.c >&5
configure:4632: $? = 0
configure:4632: result: yes
configure:4632: checking for string.h
configure:4632: gcc -std=gnu99 -c -g -O2  conftest.c >&5
configure:4632: $? = 0
configure:4632: result: yes
configure:4632: checking for memory.h
configure:4632: gcc -std=gnu99 -c -g -O2  conftest.c >&5
configure:4632: $? = 0
configure:4632: result: yes
configure:4632: checking for strings.h
configure:4632: gcc -std=gnu99 -c -g -O2  conftest.c >&5
configure:4632: $? = 0
configure:4632: result: yes
configure:4632: checking for inttypes.h
configure:4632: gcc -std=gnu99 -c -g -O2  conftest.c >&5
configure:4632: $? = 0
configure:4632: result: yes
configure:4632: checking for stdint.h
configure:4632: gcc -std=gnu99 -c -g -O2  conftest.c >&5
configure:4632: $? = 0
configure:4632: result: yes
configure:4632: checking for unistd.h
configure:4632: gcc -std=gnu99 -c -g -O2  conftest.c >&5
configure:4632: $? = 0
configure:4632: result: yes
configure:4645: checking minix/config.h usability
configure:4645: gcc -std=gnu99 -c -g -O2  conftest.c >&5
conftest.c:54:26: fatal error: minix/config.h: No such file or directory
compilation terminated.
configure:4645: $? = 1
configure: failed program was:
| /* confdefs.h */
| #define PACKAGE_NAME "kmod"
| #define PACKAGE_TARNAME "kmod"
| #define PACKAGE_VERSION "11"
| #define PACKAGE_STRING "kmod 11"
| #define PACKAGE_BUGREPORT "linux-modules@vger.kernel.org"
| #define PACKAGE_URL "http://git.kernel.org/?p=utils/kernel/kmod/kmod.git"
| #define PACKAGE "kmod"
| #define VERSION "11"
| #define STDC_HEADERS 1
| #define HAVE_SYS_TYPES_H 1
| #define HAVE_SYS_STAT_H 1
| #define HAVE_STDLIB_H 1
| #define HAVE_STRING_H 1
| #define HAVE_MEMORY_H 1
| #define HAVE_STRINGS_H 1
| #define HAVE_INTTYPES_H 1
| #define HAVE_STDINT_H 1
| #define HAVE_UNISTD_H 1
| /* end confdefs.h.  */
| #include <stdio.h>
| #ifdef HAVE_SYS_TYPES_H
| # include <sys/types.h>
| #endif
| #ifdef HAVE_SYS_STAT_H
| # include <sys/stat.h>
| #endif
| #ifdef STDC_HEADERS
| # include <stdlib.h>
| # include <stddef.h>
| #else
| # ifdef HAVE_STDLIB_H
| #  include <stdlib.h>
| # endif
| #endif
| #ifdef HAVE_STRING_H
| # if !defined STDC_HEADERS && defined HAVE_MEMORY_H
| #  include <memory.h>
| # endif
| # include <string.h>
| #endif
| #ifdef HAVE_STRINGS_H
| # include <strings.h>
| #endif
| #ifdef HAVE_INTTYPES_H
| # include <inttypes.h>
| #endif
| #ifdef HAVE_STDINT_H
| # include <stdint.h>
| #endif
| #ifdef HAVE_UNISTD_H
| # include <unistd.h>
| #endif
| #include <minix/config.h>
configure:4645: result: no
configure:4645: checking minix/config.h presence
configure:4645: gcc -std=gnu99 -E  conftest.c
conftest.c:21:26: fatal error: minix/config.h: No such file or directory
compilation terminated.
configure:4645: $? = 1
configure: failed program was:
| /* confdefs.h */
| #define PACKAGE_NAME "kmod"
| #define PACKAGE_TARNAME "kmod"
| #define PACKAGE_VERSION "11"
| #define PACKAGE_STRING "kmod 11"
| #define PACKAGE_BUGREPORT "linux-modules@vger.kernel.org"
| #define PACKAGE_URL "http://git.kernel.org/?p=utils/kernel/kmod/kmod.git"
| #define PACKAGE "kmod"
| #define VERSION "11"
| #define STDC_HEADERS 1
| #define HAVE_SYS_TYPES_H 1
| #define HAVE_SYS_STAT_H 1
| #define HAVE_STDLIB_H 1
| #define HAVE_STRING_H 1
| #define HAVE_MEMORY_H 1
| #define HAVE_STRINGS_H 1
| #define HAVE_INTTYPES_H 1
| #define HAVE_STDINT_H 1
| #define HAVE_UNISTD_H 1
| /* end confdefs.h.  */
| #include <minix/config.h>
configure:4645: result: no
configure:4645: checking for minix/config.h
configure:4645: result: no
configure:4666: checking whether it is safe to define __EXTENSIONS__
configure:4684: gcc -std=gnu99 -c -g -O2  conftest.c >&5
configure:4684: $? = 0
configure:4691: result: yes
configure:4712: checking for special C compiler options needed for large files
configure:4757: result: no
configure:4763: checking for _FILE_OFFSET_BITS value needed for large files
configure:4788: gcc -std=gnu99 -c -g -O2  conftest.c >&5
conftest.c:32:3: warning: left shift count >= width of type [enabled by default]
conftest.c:32:3: warning: left shift count >= width of type [enabled by default]
conftest.c:33:10: warning: left shift count >= width of type [enabled by default]
conftest.c:33:10: warning: left shift count >= width of type [enabled by default]
conftest.c:32:7: error: size of array 'off_t_is_large' is negative
conftest.c:34:9: warning: variably modified 'off_t_is_large' at file scope [enabled by default]
configure:4788: $? = 1
configure: failed program was:
| /* confdefs.h */
| #define PACKAGE_NAME "kmod"
| #define PACKAGE_TARNAME "kmod"
| #define PACKAGE_VERSION "11"
| #define PACKAGE_STRING "kmod 11"
| #define PACKAGE_BUGREPORT "linux-modules@vger.kernel.org"
| #define PACKAGE_URL "http://git.kernel.org/?p=utils/kernel/kmod/kmod.git"
| #define PACKAGE "kmod"
| #define VERSION "11"
| #define STDC_HEADERS 1
| #define HAVE_SYS_TYPES_H 1
| #define HAVE_SYS_STAT_H 1
| #define HAVE_STDLIB_H 1
| #define HAVE_STRING_H 1
| #define HAVE_MEMORY_H 1
| #define HAVE_STRINGS_H 1
| #define HAVE_INTTYPES_H 1
| #define HAVE_STDINT_H 1
| #define HAVE_UNISTD_H 1
| #define __EXTENSIONS__ 1
| #define _ALL_SOURCE 1
| #define _GNU_SOURCE 1
| #define _POSIX_PTHREAD_SEMANTICS 1
| #define _TANDEM_SOURCE 1
| /* end confdefs.h.  */
| #include <sys/types.h>
|  /* Check that off_t can represent 2**63 - 1 correctly.
|     We can't simply define LARGE_OFF_T to be 9223372036854775807,
|     since some C++ compilers masquerading as C compilers
|     incorrectly reject 9223372036854775807.  */
| #define LARGE_OFF_T (((off_t) 1 << 62) - 1 + ((off_t) 1 << 62))
|   int off_t_is_large[(LARGE_OFF_T % 2147483629 == 721
| 		       && LARGE_OFF_T % 2147483647 == 1)
| 		      ? 1 : -1];
| int
| main ()
| {
| 
|   ;
|   return 0;
| }
configure:4812: gcc -std=gnu99 -c -g -O2  conftest.c >&5
configure:4812: $? = 0
configure:4820: result: 64
configure:4916: checking whether make supports nested variables
configure:4933: result: yes
configure:4973: checking build system type
configure:4987: result: i686-pc-linux-gnu
configure:5007: checking host system type
configure:5020: result: i686-pc-linux-gnu
configure:5061: checking how to print strings
configure:5088: result: printf
configure:5109: checking for a sed that does not truncate output
configure:5173: result: /bin/sed
configure:5191: checking for fgrep
configure:5253: result: /bin/grep -F
configure:5288: checking for ld used by gcc -std=gnu99
configure:5355: result: /usr/bin/ld
configure:5362: checking if the linker (/usr/bin/ld) is GNU ld
configure:5377: result: yes
configure:5389: checking for BSD- or MS-compatible name lister (nm)
configure:5438: result: /usr/bin/nm -B
configure:5568: checking the name lister (/usr/bin/nm -B) interface
configure:5575: gcc -std=gnu99 -c -g -O2  conftest.c >&5
configure:5578: /usr/bin/nm -B "conftest.o"
configure:5581: output
00000000 B some_variable
configure:5588: result: BSD nm
configure:5591: checking whether ln -s works
configure:5595: result: yes
configure:5603: checking the maximum length of command line arguments
configure:5733: result: 805306365
configure:5750: checking whether the shell understands some XSI constructs
configure:5760: result: yes
configure:5764: checking whether the shell understands "+="
configure:5770: result: yes
configure:5805: checking how to convert i686-pc-linux-gnu file names to i686-pc-linux-gnu format
configure:5845: result: func_convert_file_noop
configure:5852: checking how to convert i686-pc-linux-gnu file names to toolchain format
configure:5872: result: func_convert_file_noop
configure:5879: checking for /usr/bin/ld option to reload object files
configure:5886: result: -r
configure:5960: checking for objdump
configure:5976: found /usr/bin/objdump
configure:5987: result: objdump
configure:6019: checking how to recognize dependent libraries
configure:6221: result: pass_all
configure:6306: checking for dlltool
configure:6336: result: no
configure:6366: checking how to associate runtime and link libraries
configure:6393: result: printf %s\n
configure:6453: checking for ar
configure:6469: found /usr/bin/ar
configure:6480: result: ar
configure:6517: checking for archiver @FILE support
configure:6534: gcc -std=gnu99 -c -g -O2  conftest.c >&5
configure:6534: $? = 0
configure:6537: ar cru libconftest.a @conftest.lst >&5
configure:6540: $? = 0
configure:6545: ar cru libconftest.a @conftest.lst >&5
ar: conftest.o: No such file or directory
configure:6548: $? = 1
configure:6560: result: @
configure:6618: checking for strip
configure:6634: found /usr/bin/strip
configure:6645: result: strip
configure:6717: checking for ranlib
configure:6733: found /usr/bin/ranlib
configure:6744: result: ranlib
configure:6846: checking command to parse /usr/bin/nm -B output from gcc -std=gnu99 object
configure:6966: gcc -std=gnu99 -c -g -O2  conftest.c >&5
configure:6969: $? = 0
configure:6973: /usr/bin/nm -B conftest.o \| sed -n -e 's/^.*[ ]\([ABCDGIRSTW][ABCDGIRSTW]*\)[ ][ ]*\([_A-Za-z][_A-Za-z0-9]*\)$/\1 \2 \2/p' | sed '/ __gnu_lto/d' \> conftest.nm
configure:6976: $? = 0
configure:7042: gcc -std=gnu99 -o conftest -g -O2   conftest.c conftstm.o >&5
configure:7045: $? = 0
configure:7083: result: ok
configure:7120: checking for sysroot
configure:7150: result: no
configure:7406: checking for mt
configure:7422: found /bin/mt
configure:7433: result: mt
configure:7456: checking if mt is a manifest tool
configure:7462: mt '-?'
configure:7470: result: no
configure:8109: checking for dlfcn.h
configure:8109: gcc -std=gnu99 -c -g -O2  conftest.c >&5
configure:8109: $? = 0
configure:8109: result: yes
configure:8313: checking for objdir
configure:8328: result: .libs
configure:8599: checking if gcc -std=gnu99 supports -fno-rtti -fno-exceptions
configure:8617: gcc -std=gnu99 -c -g -O2  -fno-rtti -fno-exceptions conftest.c >&5
cc1: warning: command line option '-fno-rtti' is valid for C++/ObjC++ but not for C [enabled by default]
configure:8621: $? = 0
configure:8634: result: no
configure:8961: checking for gcc -std=gnu99 option to produce PIC
configure:8968: result: -fPIC -DPIC
configure:8976: checking if gcc -std=gnu99 PIC flag -fPIC -DPIC works
configure:8994: gcc -std=gnu99 -c -g -O2  -fPIC -DPIC -DPIC conftest.c >&5
configure:8998: $? = 0
configure:9011: result: yes
configure:9040: checking if gcc -std=gnu99 static flag -static works
configure:9068: result: yes
configure:9083: checking if gcc -std=gnu99 supports -c -o file.o
configure:9104: gcc -std=gnu99 -c -g -O2  -o out/conftest2.o conftest.c >&5
configure:9108: $? = 0
configure:9130: result: yes
configure:9138: checking if gcc -std=gnu99 supports -c -o file.o
configure:9185: result: yes
configure:9218: checking whether the gcc -std=gnu99 linker (/usr/bin/ld) supports shared libraries
configure:10371: result: yes
configure:10408: checking whether -lc should be explicitly linked in
configure:10416: gcc -std=gnu99 -c -g -O2  conftest.c >&5
configure:10419: $? = 0
configure:10434: gcc -std=gnu99 -shared  -fPIC -DPIC conftest.o  -v -Wl,-soname -Wl,conftest -o conftest 2\>\&1 \| /bin/grep  -lc  \>/dev/null 2\>\&1
configure:10437: $? = 0
configure:10451: result: no
configure:10611: checking dynamic linker characteristics
configure:11122: gcc -std=gnu99 -o conftest -g -O2   -Wl,-rpath -Wl,/foo conftest.c  >&5
configure:11122: $? = 0
configure:11344: result: GNU/Linux ld.so
configure:11451: checking how to hardcode library paths into programs
configure:11476: result: immediate
configure:12016: checking whether stripping libraries is possible
configure:12021: result: yes
configure:12056: checking if libtool supports shared libraries
configure:12058: result: yes
configure:12061: checking whether to build shared libraries
configure:12082: result: yes
configure:12085: checking whether to build static libraries
configure:12089: result: no
configure:12180: checking for gcc
configure:12207: result: gcc
configure:12436: checking for C compiler version
configure:12445: gcc --version >&5
gcc (Ubuntu/Linaro 4.6.3-1ubuntu5) 4.6.3
Copyright (C) 2011 Free Software Foundation, Inc.
This is free software; see the source for copying conditions.  There is NO
warranty; not even for MERCHANTABILITY or FITNESS FOR A PARTICULAR PURPOSE.

configure:12456: $? = 0
configure:12445: gcc -v >&5
Using built-in specs.
COLLECT_GCC=gcc
COLLECT_LTO_WRAPPER=/usr/lib/gcc/i686-linux-gnu/4.6/lto-wrapper
Target: i686-linux-gnu
Configured with: ../src/configure -v --with-pkgversion='Ubuntu/Linaro 4.6.3-1ubuntu5' --with-bugurl=file:///usr/share/doc/gcc-4.6/README.Bugs --enable-languages=c,c++,fortran,objc,obj-c++ --prefix=/usr --program-suffix=-4.6 --enable-shared --enable-linker-build-id --with-system-zlib --libexecdir=/usr/lib --without-included-gettext --enable-threads=posix --with-gxx-include-dir=/usr/include/c++/4.6 --libdir=/usr/lib --enable-nls --with-sysroot=/ --enable-clocale=gnu --enable-libstdcxx-debug --enable-libstdcxx-time=yes --enable-gnu-unique-object --enable-plugin --enable-objc-gc --enable-targets=all --disable-werror --with-arch-32=i686 --with-tune=generic --enable-checking=release --build=i686-linux-gnu --host=i686-linux-gnu --target=i686-linux-gnu
Thread model: posix
gcc version 4.6.3 (Ubuntu/Linaro 4.6.3-1ubuntu5) 
configure:12456: $? = 0
configure:12445: gcc -V >&5
gcc: error: unrecognized option '-V'
gcc: fatal error: no input files
compilation terminated.
configure:12456: $? = 4
configure:12445: gcc -qversion >&5
gcc: error: unrecognized option '-qversion'
gcc: fatal error: no input files
compilation terminated.
configure:12456: $? = 4
configure:12460: checking whether we are using the GNU C compiler
configure:12488: result: yes
configure:12497: checking whether gcc accepts -g
configure:12558: result: yes
configure:12575: checking for gcc option to accept ISO C89
configure:12652: result: none needed
configure:12674: checking dependency style of gcc
configure:12785: result: gcc3
configure:12800: checking for gcc option to accept ISO C99
configure:12969: result: -std=gnu99
configure:12978: checking for typeof syntax and keyword spelling
configure:13009: gcc -std=gnu99 -c -g -O2  conftest.c >&5
configure:13009: $? = 0
configure:13016: result: typeof
configure:13032: checking whether gcc -std=gnu99 and cc understand -c and -o together
configure:13063: gcc -std=gnu99 -c conftest.c -o conftest2.o >&5
configure:13067: $? = 0
configure:13073: gcc -std=gnu99 -c conftest.c -o conftest2.o >&5
configure:13077: $? = 0
configure:13088: cc -c conftest.c >&5
configure:13092: $? = 0
configure:13100: cc -c conftest.c -o conftest2.o >&5
configure:13104: $? = 0
configure:13110: cc -c conftest.c -o conftest2.o >&5
configure:13114: $? = 0
configure:13132: result: yes
configure:13158: checking whether gcc -std=gnu99 needs -traditional
configure:13192: result: no
configure:13199: checking whether byte ordering is bigendian
configure:13214: gcc -std=gnu99 -c -g -O2  conftest.c >&5
conftest.c:31:9: error: unknown type name 'not'
conftest.c:31:15: error: expected '=', ',', ';', 'asm' or '__attribute__' before 'universal'
conftest.c:31:15: error: unknown type name 'universal'
configure:13214: $? = 1
configure: failed program was:
| /* confdefs.h */
| #define PACKAGE_NAME "kmod"
| #define PACKAGE_TARNAME "kmod"
| #define PACKAGE_VERSION "11"
| #define PACKAGE_STRING "kmod 11"
| #define PACKAGE_BUGREPORT "linux-modules@vger.kernel.org"
| #define PACKAGE_URL "http://git.kernel.org/?p=utils/kernel/kmod/kmod.git"
| #define PACKAGE "kmod"
| #define VERSION "11"
| #define STDC_HEADERS 1
| #define HAVE_SYS_TYPES_H 1
| #define HAVE_SYS_STAT_H 1
| #define HAVE_STDLIB_H 1
| #define HAVE_STRING_H 1
| #define HAVE_MEMORY_H 1
| #define HAVE_STRINGS_H 1
| #define HAVE_INTTYPES_H 1
| #define HAVE_STDINT_H 1
| #define HAVE_UNISTD_H 1
| #define __EXTENSIONS__ 1
| #define _ALL_SOURCE 1
| #define _GNU_SOURCE 1
| #define _POSIX_PTHREAD_SEMANTICS 1
| #define _TANDEM_SOURCE 1
| #define _FILE_OFFSET_BITS 64
| #define HAVE_DLFCN_H 1
| #define LT_OBJDIR ".libs/"
| #define HAVE_TYPEOF 1
| /* end confdefs.h.  */
| #ifndef __APPLE_CC__
| 	       not a universal capable compiler
| 	     #endif
| 	     typedef int dummy;
| 
configure:13259: gcc -std=gnu99 -c -g -O2  conftest.c >&5
configure:13259: $? = 0
configure:13277: gcc -std=gnu99 -c -g -O2  conftest.c >&5
conftest.c: In function 'main':
conftest.c:37:4: error: unknown type name 'not'
conftest.c:37:12: error: expected '=', ',', ';', 'asm' or '__attribute__' before 'endian'
configure:13277: $? = 1
configure: failed program was:
| /* confdefs.h */
| #define PACKAGE_NAME "kmod"
| #define PACKAGE_TARNAME "kmod"
| #define PACKAGE_VERSION "11"
| #define PACKAGE_STRING "kmod 11"
| #define PACKAGE_BUGREPORT "linux-modules@vger.kernel.org"
| #define PACKAGE_URL "http://git.kernel.org/?p=utils/kernel/kmod/kmod.git"
| #define PACKAGE "kmod"
| #define VERSION "11"
| #define STDC_HEADERS 1
| #define HAVE_SYS_TYPES_H 1
| #define HAVE_SYS_STAT_H 1
| #define HAVE_STDLIB_H 1
| #define HAVE_STRING_H 1
| #define HAVE_MEMORY_H 1
| #define HAVE_STRINGS_H 1
| #define HAVE_INTTYPES_H 1
| #define HAVE_STDINT_H 1
| #define HAVE_UNISTD_H 1
| #define __EXTENSIONS__ 1
| #define _ALL_SOURCE 1
| #define _GNU_SOURCE 1
| #define _POSIX_PTHREAD_SEMANTICS 1
| #define _TANDEM_SOURCE 1
| #define _FILE_OFFSET_BITS 64
| #define HAVE_DLFCN_H 1
| #define LT_OBJDIR ".libs/"
| #define HAVE_TYPEOF 1
| /* end confdefs.h.  */
| #include <sys/types.h>
| 		#include <sys/param.h>
| 
| int
| main ()
| {
| #if BYTE_ORDER != BIG_ENDIAN
| 		 not big endian
| 		#endif
| 
|   ;
|   return 0;
| }
configure:13405: result: no
configure:13424: checking for a sed that does not truncate output
configure:13488: result: /bin/sed
configure:13548: checking for pkg-config
configure:13566: found /usr/bin/pkg-config
configure:13578: result: /usr/bin/pkg-config
configure:13603: checking pkg-config is at least version 0.9.0
configure:13606: result: yes
configure:13626: checking for __xstat
configure:13626: gcc -std=gnu99 -o conftest -g -O2   conftest.c  >&5
configure:13626: $? = 0
configure:13626: result: yes
configure:13640: checking for struct stat.st_mtim
configure:13640: gcc -std=gnu99 -c -g -O2  conftest.c >&5
conftest.c: In function 'main':
conftest.c:37:5: error: used struct type value where scalar is required
configure:13640: $? = 1
configure: failed program was:
| /* confdefs.h */
| #define PACKAGE_NAME "kmod"
| #define PACKAGE_TARNAME "kmod"
| #define PACKAGE_VERSION "11"
| #define PACKAGE_STRING "kmod 11"
| #define PACKAGE_BUGREPORT "linux-modules@vger.kernel.org"
| #define PACKAGE_URL "http://git.kernel.org/?p=utils/kernel/kmod/kmod.git"
| #define PACKAGE "kmod"
| #define VERSION "11"
| #define STDC_HEADERS 1
| #define HAVE_SYS_TYPES_H 1
| #define HAVE_SYS_STAT_H 1
| #define HAVE_STDLIB_H 1
| #define HAVE_STRING_H 1
| #define HAVE_MEMORY_H 1
| #define HAVE_STRINGS_H 1
| #define HAVE_INTTYPES_H 1
| #define HAVE_STDINT_H 1
| #define HAVE_UNISTD_H 1
| #define __EXTENSIONS__ 1
| #define _ALL_SOURCE 1
| #define _GNU_SOURCE 1
| #define _POSIX_PTHREAD_SEMANTICS 1
| #define _TANDEM_SOURCE 1
| #define _FILE_OFFSET_BITS 64
| #define HAVE_DLFCN_H 1
| #define LT_OBJDIR ".libs/"
| #define HAVE_TYPEOF 1
| #define HAVE___XSTAT 1
| /* end confdefs.h.  */
| #include <sys/stat.h>
| 
| int
| main ()
| {
| static struct stat ac_aggr;
| if (ac_aggr.st_mtim)
| return 0;
|   ;
|   return 0;
| }
configure:13640: gcc -std=gnu99 -c -g -O2  conftest.c >&5
configure:13640: $? = 0
configure:13640: result: yes
configure:13775: Xz support not requested
configure:13887: zlib support not requested
configure:13930: checking for xsltproc
configure:13948: found /usr/bin/xsltproc
configure:13961: result: /usr/bin/xsltproc
configure:14011: checking for gtkdoc-check
configure:14044: result: no
configure:14053: checking for gtkdoc-rebase
configure:14086: result: no
configure:14097: checking for gtkdoc-mkpdf
configure:14130: result: no
configure:14261: checking whether to build gtk-doc documentation
configure:14263: result: no
configure:14379: checking if gcc -std=gnu99 supports flag -pipe in envvar CFLAGS
configure:14390: gcc -std=gnu99 -c -Werror -pipe  conftest.c >&5
configure:14390: $? = 0
configure:14399: result: yes
configure:14379: checking if gcc -std=gnu99 supports flag -DANOTHER_BRICK_IN_THE in envvar CFLAGS
configure:14390: gcc -std=gnu99 -c -Werror -DANOTHER_BRICK_IN_THE  conftest.c >&5
configure:14390: $? = 0
configure:14399: result: yes
configure:14379: checking if gcc -std=gnu99 supports flag -Wall in envvar CFLAGS
configure:14390: gcc -std=gnu99 -c -Werror -Wall  conftest.c >&5
configure:14390: $? = 0
configure:14399: result: yes
configure:14379: checking if gcc -std=gnu99 supports flag -W in envvar CFLAGS
configure:14390: gcc -std=gnu99 -c -Werror -W  conftest.c >&5
configure:14390: $? = 0
configure:14399: result: yes
configure:14379: checking if gcc -std=gnu99 supports flag -Wextra in envvar CFLAGS
configure:14390: gcc -std=gnu99 -c -Werror -Wextra  conftest.c >&5
configure:14390: $? = 0
configure:14399: result: yes
configure:14379: checking if gcc -std=gnu99 supports flag -Wno-inline in envvar CFLAGS
configure:14390: gcc -std=gnu99 -c -Werror -Wno-inline  conftest.c >&5
configure:14390: $? = 0
configure:14399: result: yes
configure:14379: checking if gcc -std=gnu99 supports flag -Wvla in envvar CFLAGS
configure:14390: gcc -std=gnu99 -c -Werror -Wvla  conftest.c >&5
configure:14390: $? = 0
configure:14399: result: yes
configure:14379: checking if gcc -std=gnu99 supports flag -Wundef in envvar CFLAGS
configure:14390: gcc -std=gnu99 -c -Werror -Wundef  conftest.c >&5
configure:14390: $? = 0
configure:14399: result: yes
configure:14379: checking if gcc -std=gnu99 supports flag -Wformat=2 in envvar CFLAGS
configure:14390: gcc -std=gnu99 -c -Werror -Wformat=2  conftest.c >&5
configure:14390: $? = 0
configure:14399: result: yes
configure:14379: checking if gcc -std=gnu99 supports flag -Wlogical-op in envvar CFLAGS
configure:14390: gcc -std=gnu99 -c -Werror -Wlogical-op  conftest.c >&5
configure:14390: $? = 0
configure:14399: result: yes
configure:14379: checking if gcc -std=gnu99 supports flag -Wsign-compare in envvar CFLAGS
configure:14390: gcc -std=gnu99 -c -Werror -Wsign-compare  conftest.c >&5
configure:14390: $? = 0
configure:14399: result: yes
configure:14379: checking if gcc -std=gnu99 supports flag -Wformat-security in envvar CFLAGS
configure:14390: gcc -std=gnu99 -c -Werror -Wformat-security  conftest.c >&5
configure:14390: $? = 0
configure:14399: result: yes
configure:14379: checking if gcc -std=gnu99 supports flag -Wmissing-include-dirs in envvar CFLAGS
configure:14390: gcc -std=gnu99 -c -Werror -Wmissing-include-dirs  conftest.c >&5
configure:14390: $? = 0
configure:14399: result: yes
configure:14379: checking if gcc -std=gnu99 supports flag -Wformat-nonliteral in envvar CFLAGS
configure:14390: gcc -std=gnu99 -c -Werror -Wformat-nonliteral  conftest.c >&5
configure:14390: $? = 0
configure:14399: result: yes
configure:14379: checking if gcc -std=gnu99 supports flag -Wold-style-definition in envvar CFLAGS
configure:14390: gcc -std=gnu99 -c -Werror -Wold-style-definition  conftest.c >&5
configure:14390: $? = 0
configure:14399: result: yes
configure:14379: checking if gcc -std=gnu99 supports flag -Wpointer-arith in envvar CFLAGS
configure:14390: gcc -std=gnu99 -c -Werror -Wpointer-arith  conftest.c >&5
configure:14390: $? = 0
configure:14399: result: yes
configure:14379: checking if gcc -std=gnu99 supports flag -Winit-self in envvar CFLAGS
configure:14390: gcc -std=gnu99 -c -Werror -Winit-self  conftest.c >&5
configure:14390: $? = 0
configure:14399: result: yes
configure:14379: checking if gcc -std=gnu99 supports flag -Wdeclaration-after-statement in envvar CFLAGS
configure:14390: gcc -std=gnu99 -c -Werror -Wdeclaration-after-statement  conftest.c >&5
configure:14390: $? = 0
configure:14399: result: yes
configure:14379: checking if gcc -std=gnu99 supports flag -Wfloat-equal in envvar CFLAGS
configure:14390: gcc -std=gnu99 -c -Werror -Wfloat-equal  conftest.c >&5
configure:14390: $? = 0
configure:14399: result: yes
configure:14379: checking if gcc -std=gnu99 supports flag -Wmissing-prototypes in envvar CFLAGS
configure:14390: gcc -std=gnu99 -c -Werror -Wmissing-prototypes  conftest.c >&5
configure:14390: $? = 0
configure:14399: result: yes
configure:14379: checking if gcc -std=gnu99 supports flag -Wstrict-prototypes in envvar CFLAGS
configure:14390: gcc -std=gnu99 -c -Werror -Wstrict-prototypes  conftest.c >&5
configure:14390: $? = 0
configure:14399: result: yes
configure:14379: checking if gcc -std=gnu99 supports flag -Wredundant-decls in envvar CFLAGS
configure:14390: gcc -std=gnu99 -c -Werror -Wredundant-decls  conftest.c >&5
configure:14390: $? = 0
configure:14399: result: yes
configure:14379: checking if gcc -std=gnu99 supports flag -Wmissing-declarations in envvar CFLAGS
configure:14390: gcc -std=gnu99 -c -Werror -Wmissing-declarations  conftest.c >&5
configure:14390: $? = 0
configure:14399: result: yes
configure:14379: checking if gcc -std=gnu99 supports flag -Wmissing-noreturn in envvar CFLAGS
configure:14390: gcc -std=gnu99 -c -Werror -Wmissing-noreturn  conftest.c >&5
configure:14390: $? = 0
configure:14399: result: yes
configure:14379: checking if gcc -std=gnu99 supports flag -Wshadow in envvar CFLAGS
configure:14390: gcc -std=gnu99 -c -Werror -Wshadow  conftest.c >&5
configure:14390: $? = 0
configure:14399: result: yes
configure:14379: checking if gcc -std=gnu99 supports flag -Wendif-labels in envvar CFLAGS
configure:14390: gcc -std=gnu99 -c -Werror -Wendif-labels  conftest.c >&5
configure:14390: $? = 0
configure:14399: result: yes
configure:14379: checking if gcc -std=gnu99 supports flag -Wstrict-aliasing=2 in envvar CFLAGS
configure:14390: gcc -std=gnu99 -c -Werror -Wstrict-aliasing=2  conftest.c >&5
configure:14390: $? = 0
configure:14399: result: yes
configure:14379: checking if gcc -std=gnu99 supports flag -Wwrite-strings in envvar CFLAGS
configure:14390: gcc -std=gnu99 -c -Werror -Wwrite-strings  conftest.c >&5
configure:14390: $? = 0
configure:14399: result: yes
configure:14379: checking if gcc -std=gnu99 supports flag -Wno-long-long in envvar CFLAGS
configure:14390: gcc -std=gnu99 -c -Werror -Wno-long-long  conftest.c >&5
configure:14390: $? = 0
configure:14399: result: yes
configure:14379: checking if gcc -std=gnu99 supports flag -Wno-overlength-strings in envvar CFLAGS
configure:14390: gcc -std=gnu99 -c -Werror -Wno-overlength-strings  conftest.c >&5
configure:14390: $? = 0
configure:14399: result: yes
configure:14379: checking if gcc -std=gnu99 supports flag -Wno-unused-parameter in envvar CFLAGS
configure:14390: gcc -std=gnu99 -c -Werror -Wno-unused-parameter  conftest.c >&5
configure:14390: $? = 0
configure:14399: result: yes
configure:14379: checking if gcc -std=gnu99 supports flag -Wno-missing-field-initializers in envvar CFLAGS
configure:14390: gcc -std=gnu99 -c -Werror -Wno-missing-field-initializers  conftest.c >&5
configure:14390: $? = 0
configure:14399: result: yes
configure:14379: checking if gcc -std=gnu99 supports flag -Wno-unused-result in envvar CFLAGS
configure:14390: gcc -std=gnu99 -c -Werror -Wno-unused-result  conftest.c >&5
configure:14390: $? = 0
configure:14399: result: yes
configure:14379: checking if gcc -std=gnu99 supports flag -Wnested-externs in envvar CFLAGS
configure:14390: gcc -std=gnu99 -c -Werror -Wnested-externs  conftest.c >&5
configure:14390: $? = 0
configure:14399: result: yes
configure:14379: checking if gcc -std=gnu99 supports flag -Wchar-subscripts in envvar CFLAGS
configure:14390: gcc -std=gnu99 -c -Werror -Wchar-subscripts  conftest.c >&5
configure:14390: $? = 0
configure:14399: result: yes
configure:14379: checking if gcc -std=gnu99 supports flag -Wtype-limits in envvar CFLAGS
configure:14390: gcc -std=gnu99 -c -Werror -Wtype-limits  conftest.c >&5
configure:14390: $? = 0
configure:14399: result: yes
configure:14379: checking if gcc -std=gnu99 supports flag -Wuninitialized in envvar CFLAGS
configure:14390: gcc -std=gnu99 -c -Werror -Wuninitialized  conftest.c >&5
configure:14390: $? = 0
configure:14399: result: yes
configure:14379: checking if gcc -std=gnu99 supports flag -fno-common in envvar CFLAGS
configure:14390: gcc -std=gnu99 -c -Werror -fno-common  conftest.c >&5
configure:14390: $? = 0
configure:14399: result: yes
configure:14379: checking if gcc -std=gnu99 supports flag -fdiagnostics-show-option in envvar CFLAGS
configure:14390: gcc -std=gnu99 -c -Werror -fdiagnostics-show-option  conftest.c >&5
configure:14390: $? = 0
configure:14399: result: yes
configure:14379: checking if gcc -std=gnu99 supports flag -fvisibility=hidden in envvar CFLAGS
configure:14390: gcc -std=gnu99 -c -Werror -fvisibility=hidden  conftest.c >&5
configure:14390: $? = 0
configure:14399: result: yes
configure:14379: checking if gcc -std=gnu99 supports flag -ffunction-sections in envvar CFLAGS
configure:14390: gcc -std=gnu99 -c -Werror -ffunction-sections  conftest.c >&5
configure:14390: $? = 0
configure:14399: result: yes
configure:14379: checking if gcc -std=gnu99 supports flag -fdata-sections in envvar CFLAGS
configure:14390: gcc -std=gnu99 -c -Werror -fdata-sections  conftest.c >&5
configure:14390: $? = 0
configure:14399: result: yes
configure:14417: checking if gcc -std=gnu99 supports flag -Wl,--as-needed in envvar LDFLAGS
configure:14428: gcc -std=gnu99 -c -g -O2  conftest.c >&5
configure:14428: $? = 0
configure:14437: result: yes
configure:14417: checking if gcc -std=gnu99 supports flag -Wl,--gc-sections in envvar LDFLAGS
configure:14428: gcc -std=gnu99 -c -g -O2  conftest.c >&5
configure:14428: $? = 0
configure:14437: result: yes
configure:14570: checking that generated files are newer than configure
configure:14576: result: done
configure:14632: creating ./config.status
configure:16893: result:
	kmod 11
	======

	prefix:			/usr
	sysconfdir:		/etc
	libdir:			/usr/lib
	rootlibdir:		/usr/lib
	includedir:		${prefix}/include
	bindir:			${exec_prefix}/bin

	compiler:		gcc -std=gnu99
	cflags:			 -pipe -DANOTHER_BRICK_IN_THE -Wall -W -Wextra -Wno-inline -Wvla -Wundef -Wformat=2 -Wlogical-op -Wsign-compare -Wformat-security -Wmissing-include-dirs -Wformat-nonliteral -Wold-style-definition -Wpointer-arith -Winit-self -Wdeclaration-after-statement -Wfloat-equal -Wmissing-prototypes -Wstrict-prototypes -Wredundant-decls -Wmissing-declarations -Wmissing-noreturn -Wshadow -Wendif-labels -Wstrict-aliasing=2 -Wwrite-strings -Wno-long-long -Wno-overlength-strings -Wno-unused-parameter -Wno-missing-field-initializers -Wno-unused-result -Wnested-externs -Wchar-subscripts -Wtype-limits -Wuninitialized -fno-common -fdiagnostics-show-option -fvisibility=hidden -ffunction-sections -fdata-sections -g -O2
	ldflags:		 -Wl,--as-needed -Wl,--gc-sections 

	tools:			yes
	logging:		yes
	compression:		xz=no  zlib=no
	debug:			no
	doc:			no
	man:			yes


## ---------------- ##
## Cache variables. ##
## ---------------- ##

ac_cv_build=i686-pc-linux-gnu
ac_cv_c_bigendian=no
ac_cv_c_compiler_gnu=yes
ac_cv_c_typeof=typeof
ac_cv_env_CC_set=
ac_cv_env_CC_value=
ac_cv_env_CFLAGS_set=set
ac_cv_env_CFLAGS_value='-g -O2'
ac_cv_env_CPPFLAGS_set=
ac_cv_env_CPPFLAGS_value=
ac_cv_env_CPP_set=
ac_cv_env_CPP_value=
ac_cv_env_GTKDOC_DEPS_CFLAGS_set=
ac_cv_env_GTKDOC_DEPS_CFLAGS_value=
ac_cv_env_GTKDOC_DEPS_LIBS_set=
ac_cv_env_GTKDOC_DEPS_LIBS_value=
ac_cv_env_LDFLAGS_set=
ac_cv_env_LDFLAGS_value=
ac_cv_env_LIBS_set=
ac_cv_env_LIBS_value=
ac_cv_env_PKG_CONFIG_LIBDIR_set=
ac_cv_env_PKG_CONFIG_LIBDIR_value=
ac_cv_env_PKG_CONFIG_PATH_set=
ac_cv_env_PKG_CONFIG_PATH_value=
ac_cv_env_PKG_CONFIG_set=
ac_cv_env_PKG_CONFIG_value=
ac_cv_env_build_alias_set=
ac_cv_env_build_alias_value=
ac_cv_env_host_alias_set=
ac_cv_env_host_alias_value=
ac_cv_env_liblzma_CFLAGS_set=
ac_cv_env_liblzma_CFLAGS_value=
ac_cv_env_liblzma_LIBS_set=
ac_cv_env_liblzma_LIBS_value=
ac_cv_env_target_alias_set=
ac_cv_env_target_alias_value=
ac_cv_env_zlib_CFLAGS_set=
ac_cv_env_zlib_CFLAGS_value=
ac_cv_env_zlib_LIBS_set=
ac_cv_env_zlib_LIBS_value=
ac_cv_func___xstat=yes
ac_cv_header_dlfcn_h=yes
ac_cv_header_inttypes_h=yes
ac_cv_header_memory_h=yes
ac_cv_header_minix_config_h=no
ac_cv_header_stdc=yes
ac_cv_header_stdint_h=yes
ac_cv_header_stdlib_h=yes
ac_cv_header_string_h=yes
ac_cv_header_strings_h=yes
ac_cv_header_sys_stat_h=yes
ac_cv_header_sys_types_h=yes
ac_cv_header_unistd_h=yes
ac_cv_host=i686-pc-linux-gnu
ac_cv_member_struct_stat_st_mtim=yes
ac_cv_objext=o
ac_cv_path_EGREP='/bin/grep -E'
ac_cv_path_FGREP='/bin/grep -F'
ac_cv_path_GREP=/bin/grep
ac_cv_path_SED=/bin/sed
ac_cv_path_XSLTPROC=/usr/bin/xsltproc
ac_cv_path_ac_pt_PKG_CONFIG=/usr/bin/pkg-config
ac_cv_path_install='/usr/bin/install -c'
ac_cv_path_mkdir=/bin/mkdir
ac_cv_prog_AWK=mawk
ac_cv_prog_CPP='gcc -std=gnu99 -E'
ac_cv_prog_ac_ct_AR=ar
ac_cv_prog_ac_ct_CC=gcc
ac_cv_prog_ac_ct_MANIFEST_TOOL=mt
ac_cv_prog_ac_ct_OBJDUMP=objdump
ac_cv_prog_ac_ct_RANLIB=ranlib
ac_cv_prog_ac_ct_STRIP=strip
ac_cv_prog_cc_c89=
ac_cv_prog_cc_c99=-std=gnu99
ac_cv_prog_cc_g=yes
ac_cv_prog_cc_gcc_c_o=yes
ac_cv_prog_cc_stdc=-std=gnu99
ac_cv_prog_gcc_traditional=no
ac_cv_prog_make_make_set=yes
ac_cv_safe_to_define___extensions__=yes
ac_cv_sys_file_offset_bits=64
ac_cv_sys_largefile_CC=no
am_cv_CC_dependencies_compiler_type=gcc3
am_cv_make_support_nested_variables=yes
am_cv_prog_tar_pax=gnutar
cc_cv_CFLAGS__DANOTHER_BRICK_IN_THE=yes
cc_cv_CFLAGS__W=yes
cc_cv_CFLAGS__Wall=yes
cc_cv_CFLAGS__Wchar_subscripts=yes
cc_cv_CFLAGS__Wdeclaration_after_statement=yes
cc_cv_CFLAGS__Wendif_labels=yes
cc_cv_CFLAGS__Wextra=yes
cc_cv_CFLAGS__Wfloat_equal=yes
cc_cv_CFLAGS__Wformat_2=yes
cc_cv_CFLAGS__Wformat_nonliteral=yes
cc_cv_CFLAGS__Wformat_security=yes
cc_cv_CFLAGS__Winit_self=yes
cc_cv_CFLAGS__Wlogical_op=yes
cc_cv_CFLAGS__Wmissing_declarations=yes
cc_cv_CFLAGS__Wmissing_include_dirs=yes
cc_cv_CFLAGS__Wmissing_noreturn=yes
cc_cv_CFLAGS__Wmissing_prototypes=yes
cc_cv_CFLAGS__Wnested_externs=yes
cc_cv_CFLAGS__Wno_inline=yes
cc_cv_CFLAGS__Wno_long_long=yes
cc_cv_CFLAGS__Wno_missing_field_initializers=yes
cc_cv_CFLAGS__Wno_overlength_strings=yes
cc_cv_CFLAGS__Wno_unused_parameter=yes
cc_cv_CFLAGS__Wno_unused_result=yes
cc_cv_CFLAGS__Wold_style_definition=yes
cc_cv_CFLAGS__Wpointer_arith=yes
cc_cv_CFLAGS__Wredundant_decls=yes
cc_cv_CFLAGS__Wshadow=yes
cc_cv_CFLAGS__Wsign_compare=yes
cc_cv_CFLAGS__Wstrict_aliasing_2=yes
cc_cv_CFLAGS__Wstrict_prototypes=yes
cc_cv_CFLAGS__Wtype_limits=yes
cc_cv_CFLAGS__Wundef=yes
cc_cv_CFLAGS__Wuninitialized=yes
cc_cv_CFLAGS__Wvla=yes
cc_cv_CFLAGS__Wwrite_strings=yes
cc_cv_CFLAGS__fdata_sections=yes
cc_cv_CFLAGS__fdiagnostics_show_option=yes
cc_cv_CFLAGS__ffunction_sections=yes
cc_cv_CFLAGS__fno_common=yes
cc_cv_CFLAGS__fvisibility_hidden=yes
cc_cv_CFLAGS__pipe=yes
cc_cv_LDFLAGS__Wl___as_needed=yes
cc_cv_LDFLAGS__Wl___gc_sections=yes
lt_cv_ar_at_file=@
lt_cv_archive_cmds_need_lc=no
lt_cv_deplibs_check_method=pass_all
lt_cv_file_magic_cmd='$MAGIC_CMD'
lt_cv_file_magic_test_file=
lt_cv_ld_reload_flag=-r
lt_cv_nm_interface='BSD nm'
lt_cv_objdir=.libs
lt_cv_path_LD=/usr/bin/ld
lt_cv_path_NM='/usr/bin/nm -B'
lt_cv_path_mainfest_tool=no
lt_cv_prog_compiler_c_o=yes
lt_cv_prog_compiler_pic='-fPIC -DPIC'
lt_cv_prog_compiler_pic_works=yes
lt_cv_prog_compiler_rtti_exceptions=no
lt_cv_prog_compiler_static_works=yes
lt_cv_prog_gnu_ld=yes
lt_cv_sharedlib_from_linklib_cmd='printf %s\n'
lt_cv_shlibpath_overrides_runpath=no
lt_cv_sys_global_symbol_pipe='sed -n -e '\''s/^.*[	 ]\([ABCDGIRSTW][ABCDGIRSTW]*\)[	 ][	 ]*\([_A-Za-z][_A-Za-z0-9]*\)$/\1 \2 \2/p'\'' | sed '\''/ __gnu_lto/d'\'''
lt_cv_sys_global_symbol_to_c_name_address='sed -n -e '\''s/^: \([^ ]*\)[ ]*$/  {\"\1\", (void *) 0},/p'\'' -e '\''s/^[ABCDGIRSTW]* \([^ ]*\) \([^ ]*\)$/  {"\2", (void *) \&\2},/p'\'''
lt_cv_sys_global_symbol_to_c_name_address_lib_prefix='sed -n -e '\''s/^: \([^ ]*\)[ ]*$/  {\"\1\", (void *) 0},/p'\'' -e '\''s/^[ABCDGIRSTW]* \([^ ]*\) \(lib[^ ]*\)$/  {"\2", (void *) \&\2},/p'\'' -e '\''s/^[ABCDGIRSTW]* \([^ ]*\) \([^ ]*\)$/  {"lib\2", (void *) \&\2},/p'\'''
lt_cv_sys_global_symbol_to_cdecl='sed -n -e '\''s/^T .* \(.*\)$/extern int \1();/p'\'' -e '\''s/^[ABCDGIRSTW]* .* \(.*\)$/extern char \1;/p'\'''
lt_cv_sys_max_cmd_len=805306365
lt_cv_to_host_file_cmd=func_convert_file_noop
lt_cv_to_tool_file_cmd=func_convert_file_noop

## ----------------- ##
## Output variables. ##
## ----------------- ##

ACLOCAL='${SHELL} /home/akaedu/Github/comment-subs/kmod-11/build-aux/missing --run aclocal-1.12'
AMDEPBACKSLASH='\'
AMDEP_FALSE='#'
AMDEP_TRUE=''
AMTAR='$${TAR-tar}'
AM_BACKSLASH='\'
AM_DEFAULT_V='$(AM_DEFAULT_VERBOSITY)'
AM_DEFAULT_VERBOSITY='0'
AM_V='$(V)'
AR='ar'
AUTOCONF='${SHELL} /home/akaedu/Github/comment-subs/kmod-11/build-aux/missing --run autoconf'
AUTOHEADER='${SHELL} /home/akaedu/Github/comment-subs/kmod-11/build-aux/missing --run autoheader'
AUTOMAKE='${SHELL} /home/akaedu/Github/comment-subs/kmod-11/build-aux/missing --run automake-1.12'
AWK='mawk'
BUILD_MANPAGES_FALSE='#'
BUILD_MANPAGES_TRUE=''
BUILD_TOOLS_FALSE='#'
BUILD_TOOLS_TRUE=''
CC='gcc -std=gnu99'
CCDEPMODE='depmode=gcc3'
CFLAGS='-g -O2'
CPP='gcc -std=gnu99 -E'
CPPFLAGS=''
CYGPATH_W='echo'
DEFS='-DHAVE_CONFIG_H'
DEPDIR='.deps'
DLLTOOL='false'
DSYMUTIL=''
DUMPBIN=''
ECHO_C=''
ECHO_N='-n'
ECHO_T=''
EGREP='/bin/grep -E'
ENABLE_GTK_DOC_FALSE=''
ENABLE_GTK_DOC_TRUE='#'
EXEEXT=''
FGREP='/bin/grep -F'
GCLDFLAGS=' -Wl,--as-needed -Wl,--gc-sections'
GREP='/bin/grep'
GTKDOC_CHECK=''
GTKDOC_DEPS_CFLAGS=''
GTKDOC_DEPS_LIBS=''
GTKDOC_MKPDF=''
GTKDOC_REBASE='true'
GTK_DOC_BUILD_HTML_FALSE='#'
GTK_DOC_BUILD_HTML_TRUE=''
GTK_DOC_BUILD_PDF_FALSE=''
GTK_DOC_BUILD_PDF_TRUE='#'
GTK_DOC_USE_LIBTOOL_FALSE='#'
GTK_DOC_USE_LIBTOOL_TRUE=''
GTK_DOC_USE_REBASE_FALSE='#'
GTK_DOC_USE_REBASE_TRUE=''
HTML_DIR='${datadir}/gtk-doc/html'
INSTALL_DATA='${INSTALL} -m 644'
INSTALL_PROGRAM='${INSTALL}'
INSTALL_SCRIPT='${INSTALL}'
INSTALL_STRIP_PROGRAM='$(install_sh) -c -s'
LD='/usr/bin/ld'
LDFLAGS=''
LIBOBJS=''
LIBS=''
LIBTOOL='$(SHELL) $(top_builddir)/libtool'
LIPO=''
LN_S='ln -s'
LTLIBOBJS=''
MAKEINFO='${SHELL} /home/akaedu/Github/comment-subs/kmod-11/build-aux/missing --run makeinfo'
MANIFEST_TOOL=':'
MKDIR_P='/bin/mkdir -p'
NM='/usr/bin/nm -B'
NMEDIT=''
OBJDUMP='objdump'
OBJEXT='o'
OTOOL64=''
OTOOL=''
PACKAGE='kmod'
PACKAGE_BUGREPORT='linux-modules@vger.kernel.org'
PACKAGE_NAME='kmod'
PACKAGE_STRING='kmod 11'
PACKAGE_TARNAME='kmod'
PACKAGE_URL='http://git.kernel.org/?p=utils/kernel/kmod/kmod.git'
PACKAGE_VERSION='11'
PATH_SEPARATOR=':'
PKG_CONFIG='/usr/bin/pkg-config'
PKG_CONFIG_LIBDIR=''
PKG_CONFIG_PATH=''
RANLIB='ranlib'
SED='/bin/sed'
SET_MAKE=''
SHELL='/bin/bash'
STRIP='strip'
VERSION='11'
WARNINGFLAGS=' -pipe -DANOTHER_BRICK_IN_THE -Wall -W -Wextra -Wno-inline -Wvla -Wundef -Wformat=2 -Wlogical-op -Wsign-compare -Wformat-security -Wmissing-include-dirs -Wformat-nonliteral -Wold-style-definition -Wpointer-arith -Winit-self -Wdeclaration-after-statement -Wfloat-equal -Wmissing-prototypes -Wstrict-prototypes -Wredundant-decls -Wmissing-declarations -Wmissing-noreturn -Wshadow -Wendif-labels -Wstrict-aliasing=2 -Wwrite-strings -Wno-long-long -Wno-overlength-strings -Wno-unused-parameter -Wno-missing-field-initializers -Wno-unused-result -Wnested-externs -Wchar-subscripts -Wtype-limits -Wuninitialized -fno-common -fdiagnostics-show-option -fvisibility=hidden -ffunction-sections -fdata-sections'
XSLTPROC='/usr/bin/xsltproc'
ac_ct_AR='ar'
ac_ct_CC='gcc'
ac_ct_DUMPBIN=''
am__EXEEXT_FALSE=''
am__EXEEXT_TRUE='#'
am__fastdepCC_FALSE='#'
am__fastdepCC_TRUE=''
am__include='include'
am__isrc=''
am__leading_dot='.'
am__nodep='_no'
am__quote=''
am__tar='tar --format=posix -chf - "$$tardir"'
am__untar='tar -xf -'
bindir='${exec_prefix}/bin'
build='i686-pc-linux-gnu'
build_alias=''
build_cpu='i686'
build_os='linux-gnu'
build_vendor='pc'
datadir='${datarootdir}'
datarootdir='${prefix}/share'
docdir='${datarootdir}/doc/${PACKAGE_TARNAME}'
dvidir='${docdir}'
exec_prefix='${prefix}'
host='i686-pc-linux-gnu'
host_alias=''
host_cpu='i686'
host_os='linux-gnu'
host_vendor='pc'
htmldir='${docdir}'
includedir='${prefix}/include'
infodir='${datarootdir}/info'
install_sh='${SHELL} /home/akaedu/Github/comment-subs/kmod-11/build-aux/install-sh'
libdir='/usr/lib'
libexecdir='${exec_prefix}/libexec'
liblzma_CFLAGS=''
liblzma_LIBS=''
localedir='${datarootdir}/locale'
localstatedir='${prefix}/var'
mandir='${datarootdir}/man'
mkdir_p='$(MKDIR_P)'
oldincludedir='/usr/include'
pdfdir='${docdir}'
prefix='/usr'
program_transform_name='s,x,x,'
psdir='${docdir}'
rootlibdir='/usr/lib'
sbindir='${exec_prefix}/sbin'
sharedstatedir='${prefix}/com'
sysconfdir='/etc'
target_alias=''
zlib_CFLAGS=''
zlib_LIBS=''

## ----------- ##
## confdefs.h. ##
## ----------- ##

/* confdefs.h */
#define PACKAGE_NAME "kmod"
#define PACKAGE_TARNAME "kmod"
#define PACKAGE_VERSION "11"
#define PACKAGE_STRING "kmod 11"
#define PACKAGE_BUGREPORT "linux-modules@vger.kernel.org"
#define PACKAGE_URL "http://git.kernel.org/?p=utils/kernel/kmod/kmod.git"
#define PACKAGE "kmod"
#define VERSION "11"
#define STDC_HEADERS 1
#define HAVE_SYS_TYPES_H 1
#define HAVE_SYS_STAT_H 1
#define HAVE_STDLIB_H 1
#define HAVE_STRING_H 1
#define HAVE_MEMORY_H 1
#define HAVE_STRINGS_H 1
#define HAVE_INTTYPES_H 1
#define HAVE_STDINT_H 1
#define HAVE_UNISTD_H 1
#define __EXTENSIONS__ 1
#define _ALL_SOURCE 1
#define _GNU_SOURCE 1
#define _POSIX_PTHREAD_SEMANTICS 1
#define _TANDEM_SOURCE 1
#define _FILE_OFFSET_BITS 64
#define HAVE_DLFCN_H 1
#define LT_OBJDIR ".libs/"
#define HAVE_TYPEOF 1
#define HAVE___XSTAT 1
#define HAVE_STRUCT_STAT_ST_MTIM 1
#define ENABLE_LOGGING 1

configure: exit 0

## ---------------------- ##
## Running config.status. ##
## ---------------------- ##

This file was extended by kmod config.status 11, which was
generated by GNU Autoconf 2.68.  Invocation command line was

  CONFIG_FILES    = 
  CONFIG_HEADERS  = 
  CONFIG_LINKS    = 
  CONFIG_COMMANDS = 
  $ ./config.status 

on ubuntu

config.status:1141: creating Makefile
config.status:1141: creating man/Makefile
config.status:1141: creating libkmod/docs/Makefile
config.status:1141: creating libkmod/docs/version.xml
config.status:1141: creating config.h
config.status:1322: config.h is unchanged
config.status:1370: executing depfiles commands
config.status:1370: executing libtool commands

## ---------------------- ##
## Running config.status. ##
## ---------------------- ##

This file was extended by kmod config.status 11, which was
generated by GNU Autoconf 2.68.  Invocation command line was

  CONFIG_FILES    = 
  CONFIG_HEADERS  = 
  CONFIG_LINKS    = 
  CONFIG_COMMANDS = 
  $ ./config.status config.h

on ubuntu

config.status:1141: creating config.h
